#
# A fatal error has been detected by the Java Runtime Environment:
#
#  SIGSEGV (0xb) at pc=0x000000010f82317c, pid=3257, tid=16387
#
# JRE version: Java(TM) SE Runtime Environment (8.0_31-b13) (build 1.8.0_31-b13)
# Java VM: Java HotSpot(TM) 64-Bit Server VM (25.31-b07 mixed mode bsd-amd64 compressed oops)
# Problematic frame:
# V  [libjvm.dylib+0x42317c]
#
# Failed to write core dump. Core dumps have been disabled. To enable core dumping, try "ulimit -c unlimited" before starting Java again
#
# If you would like to submit a bug report, please visit:
#   http://bugreport.java.com/bugreport/crash.jsp
#

---------------  T H R E A D  ---------------

Current thread (0x00007fbaab840800):  JavaThread "JDWP Transport Listener: dt_socket" daemon [_thread_in_vm, id=16387, stack(0x0000000125837000,0x0000000125937000)]

siginfo: si_signo: 11 (SIGSEGV), si_code: 1 (SEGV_MAPERR), si_addr: 0x00000000000000d0

Registers:
RAX=0x0000000000000001, RBX=0x0000000125936a8b, RCX=0x000000010fbd7c70, RDX=0x0000000125936a8b
RSP=0x00000001259369d0, RBP=0x00000001259369e0, RSI=0x00007fbaab840800, RDI=0x00000000000000d0
R8 =0x0000000000000001, R9 =0x00007fbaa9c00000, R10=0x0000000000000020, R11=0x00007fbaa9c00000
R12=0x00007fbaab840800, R13=0x00000000000000d0, R14=0x00000000000000d0, R15=0x00007fbaa9c01690
RIP=0x000000010f82317c, EFLAGS=0x0000000000010202, ERR=0x0000000000000004
  TRAPNO=0x000000000000000e

Top of Stack: (sp=0x00000001259369d0)
0x00000001259369d0:   0000000125936a8b 0000000125936a8b
0x00000001259369e0:   0000000125936a40 000000010f73519e
0x00000001259369f0:   00007fbaab840800 0000000000000000
0x0000000125936a00:   0000000000000000 0000000000000000
0x0000000125936a10:   00007fbaab840800 00007fbaab840800
0x0000000125936a20:   0000000125936a8b 0000000125936a90
0x0000000125936a30:   00000000000000d0 000000000000000d
0x0000000125936a40:   0000000125936a60 00000001104427dc
0x0000000125936a50:   0000000000000001 0000000125936b08
0x0000000125936a60:   0000000125936ad0 0000000110427263
0x0000000125936a70:   0000000125936aa0 00007fbaa9c26560
0x0000000125936a80:   0000000f00000032 0000000a00936b08
0x0000000125936a90:   0000000000000000 0000000000000000
0x0000000125936aa0:   0000000000000000 0000000125936c90
0x0000000125936ab0:   0000000110449eca 00007fbaa9c255c0
0x0000000125936ac0:   0000000125936b08 0000000110455588
0x0000000125936ad0:   0000000125936ae0 000000011042735c
0x0000000125936ae0:   0000000125936d00 00000001104308f6
0x0000000125936af0:   00008f1700000013 00000000000f0200
0x0000000125936b00:   00007fbaa9c23570 00007fbaa9c27768
0x0000000125936b10:   00007fba00000140 00007fbaa9c24b50
0x0000000125936b20:   00007fba0000012c 0000000125936b58
0x0000000125936b30:   00007fbaa9c24b50 0000000000000000
0x0000000125936b40:   00008f170000000f 0000000000000080
0x0000000125936b50:   0000000125936b58 ba7f00000f000000
0x0000000125936b60:   06000000200af2a9 00003e74696e693c
0x0000000125936b70:   0000005629280300 7f00000100000000
0x0000000125936b80:   000000300af2a9ba 0000006e69616d04
0x0000000125936b90:   6176616a4c5b2816 74532f676e616c2f
0x0000000125936ba0:   0056293b676e6972 0009000000000000
0x0000000125936bb0:   00400af2a9ba7f00 55646e69660e0000
0x0000000125936bc0:   65646e496e6f696e 4e4c280f00000078 

Instructions: (pc=0x000000010f82317c)
0x000000010f82315c:   40 48 48 85 c0 75 e0 30 c0 0f b6 c0 5d c3 31 c0
0x000000010f82316c:   5d c3 55 48 89 e5 53 48 83 ec 08 48 85 ff 74 24
0x000000010f82317c:   48 8b 1f 48 85 db 74 1c 48 83 fb 37 74 16 48 8b
0x000000010f82318c:   03 48 89 df ff 50 10 84 c0 b8 00 00 00 00 48 0f 

Register to memory mapping:

RAX=0x0000000000000001 is an unknown value
RBX=0x0000000125936a8b is pointing into the stack for thread: 0x00007fbaab840800
RCX=0x000000010fbd7c70: UseMembar+0 in /Library/Java/JavaVirtualMachines/jdk1.8.0_31.jdk/Contents/Home/jre/lib/server/libjvm.dylib at 0x000000010f400000
RDX=0x0000000125936a8b is pointing into the stack for thread: 0x00007fbaab840800
RSP=0x00000001259369d0 is pointing into the stack for thread: 0x00007fbaab840800
RBP=0x00000001259369e0 is pointing into the stack for thread: 0x00007fbaab840800
RSI=0x00007fbaab840800 is a thread
RDI=0x00000000000000d0 is an unknown value
R8 =0x0000000000000001 is an unknown value
R9 =0x00007fbaa9c00000 is an unknown value
R10=0x0000000000000020 is an unknown value
R11=0x00007fbaa9c00000 is an unknown value
R12=0x00007fbaab840800 is a thread
R13=0x00000000000000d0 is an unknown value
R14=0x00000000000000d0 is an unknown value
R15=0x00007fbaa9c01690 is an unknown value


Stack: [0x0000000125837000,0x0000000125937000],  sp=0x00000001259369d0,  free space=1022k
Native frames: (J=compiled Java code, j=interpreted, Vv=VM code, C=native code)
V  [libjvm.dylib+0x42317c]
V  [libjvm.dylib+0x33519e]
C  [libjdwp.dylib+0x207dc]  isMethodSynthetic+0x63
C  [libjdwp.dylib+0x5263]  methods1+0x10b
C  [libjdwp.dylib+0x535c]  methodsWithGeneric+0xe
C  [libjdwp.dylib+0xe8f6]  debugLoop_run+0x1ce
C  [libjdwp.dylib+0x1f716]  attachThread+0x4d
V  [libjvm.dylib+0x3761fe]
V  [libjvm.dylib+0x5360cf]
V  [libjvm.dylib+0x53780c]
V  [libjvm.dylib+0x45d772]
C  [libsystem_pthread.dylib+0x3268]  _pthread_body+0x83
C  [libsystem_pthread.dylib+0x31e5]  _pthread_body+0x0
C  [libsystem_pthread.dylib+0x141d]  thread_start+0xd
C  0x0000000000000000


---------------  P R O C E S S  ---------------

Java Threads: ( => current thread )
  0x00007fbaaa806000 JavaThread "Service Thread" daemon [_thread_blocked, id=19459, stack(0x0000000125e49000,0x0000000125f49000)]
  0x00007fbaab00f000 JavaThread "C1 CompilerThread2" daemon [_thread_blocked, id=18947, stack(0x0000000125d46000,0x0000000125e46000)]
  0x00007fbaaa80a000 JavaThread "C2 CompilerThread1" daemon [_thread_blocked, id=18435, stack(0x0000000125c43000,0x0000000125d43000)]
  0x00007fbaab00e000 JavaThread "C2 CompilerThread0" daemon [_thread_blocked, id=17923, stack(0x0000000125b40000,0x0000000125c40000)]
  0x00007fbaaa042000 JavaThread "JDWP Command Reader" daemon [_thread_in_native, id=17411, stack(0x0000000125a3d000,0x0000000125b3d000)]
  0x00007fbaab841800 JavaThread "JDWP Event Helper Thread" daemon [_thread_blocked, id=16899, stack(0x000000012593a000,0x0000000125a3a000)]
=>0x00007fbaab840800 JavaThread "JDWP Transport Listener: dt_socket" daemon [_thread_in_vm, id=16387, stack(0x0000000125837000,0x0000000125937000)]
  0x00007fbaab83e800 JavaThread "Signal Dispatcher" daemon [_thread_blocked, id=12303, stack(0x000000012572d000,0x000000012582d000)]
  0x00007fbaab822800 JavaThread "Finalizer" daemon [_thread_blocked, id=11523, stack(0x0000000123e77000,0x0000000123f77000)]
  0x00007fbaab822000 JavaThread "Reference Handler" daemon [_thread_blocked, id=11011, stack(0x0000000123d74000,0x0000000123e74000)]
  0x00007fbaaa008000 JavaThread "main" [_thread_blocked, id=4867, stack(0x0000000110320000,0x0000000110420000)]

Other Threads:
  0x00007fbaab81f000 VMThread [stack: 0x0000000123c71000,0x0000000123d71000] [id=10499]
  0x00007fbaab842000 WatcherThread [stack: 0x0000000125f4c000,0x000000012604c000] [id=19971]

VM state:not at safepoint (normal execution)

VM Mutex/Monitor currently owned by a thread: None

Heap:
 PSYoungGen      total 18944K, used 2966K [0x00000007aab00000, 0x00000007ac000000, 0x00000007c0000000)
  eden space 16384K, 18% used [0x00000007aab00000,0x00000007aade5878,0x00000007abb00000)
  from space 2560K, 0% used [0x00000007abd80000,0x00000007abd80000,0x00000007ac000000)
  to   space 2560K, 0% used [0x00000007abb00000,0x00000007abb00000,0x00000007abd80000)
 ParOldGen       total 44032K, used 0K [0x0000000780000000, 0x0000000782b00000, 0x00000007aab00000)
  object space 44032K, 0% used [0x0000000780000000,0x0000000780000000,0x0000000782b00000)
 Metaspace       used 3730K, capacity 4670K, committed 4864K, reserved 1056768K
  class space    used 418K, capacity 430K, committed 512K, reserved 1048576K

Card table byte_map: [0x000000011f82d000,0x000000011fa2e000] byte_map_base: 0x000000011bc2d000

Marking Bits: (ParMarkBitMap*) 0x000000010fc9e410
 Begin Bits: [0x000000011ff90000, 0x0000000120f90000)
 End Bits:   [0x0000000120f90000, 0x0000000121f90000)

Polling page: 0x000000010ebd7000

CodeCache: size=245760Kb used=1276Kb max_used=1276Kb free=244483Kb
 bounds [0x000000011046d000, 0x00000001106dd000, 0x000000011f46d000]
 total_blobs=359 nmethods=109 adapters=173
 compilation: enabled

Compilation events (10 events):
Event: 0.292 Thread 0x00007fbaab00f000  103       3       java.util.BitSet::get (69 bytes)
Event: 0.293 Thread 0x00007fbaab00f000 nmethod 103 0x00000001105aa610 code [0x00000001105aa820, 0x00000001105ab188]
Event: 0.296 Thread 0x00007fbaab00f000  104       3       java.util.concurrent.ConcurrentHashMap::spread (10 bytes)
Event: 0.296 Thread 0x00007fbaab00f000 nmethod 104 0x00000001105a9b10 code [0x00000001105a9c60, 0x00000001105a9db0]
Event: 0.306 Thread 0x00007fbaab00f000  105       3       java.lang.Math::max (11 bytes)
Event: 0.306 Thread 0x00007fbaab00f000 nmethod 105 0x00000001105a8b90 code [0x00000001105a8d00, 0x00000001105a8e90]
Event: 0.307 Thread 0x00007fbaab00f000  106       3       java.util.concurrent.ConcurrentHashMap::setTabAt (19 bytes)
Event: 0.308 Thread 0x00007fbaab00f000 nmethod 106 0x00000001105abd90 code [0x00000001105abee0, 0x00000001105ac050]
Event: 0.308 Thread 0x00007fbaab00f000  109       3       java.util.AbstractCollection::<init> (5 bytes)
Event: 0.308 Thread 0x00007fbaab00f000 nmethod 109 0x00000001105ac0d0 code [0x00000001105ac240, 0x00000001105ac3f0]

GC Heap History (0 events):
No events

Deoptimization events (0 events):
No events

Internal exceptions (10 events):
Event: 0.209 Thread 0x00007fbaaa008000 Exception <a 'java/security/PrivilegedActionException'> (0x00000007aacf1090) thrown at [/Users/java_re/workspace/8-2-build-macosx-x86_64/jdk8u31/2394/hotspot/src/share/vm/prims/jvm.cpp, line 1312]
Event: 0.209 Thread 0x00007fbaaa008000 Exception <a 'java/security/PrivilegedActionException'> (0x00000007aacf1400) thrown at [/Users/java_re/workspace/8-2-build-macosx-x86_64/jdk8u31/2394/hotspot/src/share/vm/prims/jvm.cpp, line 1312]
Event: 0.231 Thread 0x00007fbaaa008000 Exception <a 'java/security/PrivilegedActionException'> (0x00000007aad1e3b0) thrown at [/Users/java_re/workspace/8-2-build-macosx-x86_64/jdk8u31/2394/hotspot/src/share/vm/prims/jvm.cpp, line 1312]
Event: 0.269 Thread 0x00007fbaaa008000 Exception <a 'java/security/PrivilegedActionException'> (0x00000007aad47ca0) thrown at [/Users/java_re/workspace/8-2-build-macosx-x86_64/jdk8u31/2394/hotspot/src/share/vm/prims/jvm.cpp, line 1312]
Event: 0.269 Thread 0x00007fbaaa008000 Exception <a 'java/security/PrivilegedActionException'> (0x00000007aad47fe8) thrown at [/Users/java_re/workspace/8-2-build-macosx-x86_64/jdk8u31/2394/hotspot/src/share/vm/prims/jvm.cpp, line 1312]
Event: 0.270 Thread 0x00007fbaaa008000 Exception <a 'java/security/PrivilegedActionException'> (0x00000007aad4b368) thrown at [/Users/java_re/workspace/8-2-build-macosx-x86_64/jdk8u31/2394/hotspot/src/share/vm/prims/jvm.cpp, line 1312]
Event: 0.270 Thread 0x00007fbaaa008000 Exception <a 'java/security/PrivilegedActionException'> (0x00000007aad4b6b0) thrown at [/Users/java_re/workspace/8-2-build-macosx-x86_64/jdk8u31/2394/hotspot/src/share/vm/prims/jvm.cpp, line 1312]
Event: 0.290 Thread 0x00007fbaaa008000 Exception <a 'java/security/PrivilegedActionException'> (0x00000007aad62fe0) thrown at [/Users/java_re/workspace/8-2-build-macosx-x86_64/jdk8u31/2394/hotspot/src/share/vm/prims/jvm.cpp, line 1312]
Event: 0.291 Thread 0x00007fbaaa008000 Exception <a 'java/security/PrivilegedActionException'> (0x00000007aad68c28) thrown at [/Users/java_re/workspace/8-2-build-macosx-x86_64/jdk8u31/2394/hotspot/src/share/vm/prims/jvm.cpp, line 1312]
Event: 0.308 Thread 0x00007fbaaa008000 Exception <a 'java/security/PrivilegedActionException'> (0x00000007aad749e8) thrown at [/Users/java_re/workspace/8-2-build-macosx-x86_64/jdk8u31/2394/hotspot/src/share/vm/prims/jvm.cpp, line 1312]

Events (10 events):
Event: 502.825 Executing VM operation: ChangeBreakpoints
Event: 502.825 Executing VM operation: ChangeBreakpoints done
Event: 502.829 Executing VM operation: RedefineClasses
Event: 502.829 Executing VM operation: RedefineClasses done
Event: 502.864 Executing VM operation: ChangeBreakpoints
Event: 502.864 Executing VM operation: ChangeBreakpoints done
Event: 935.917 Executing VM operation: ChangeBreakpoints
Event: 935.917 Executing VM operation: ChangeBreakpoints done
Event: 935.921 Executing VM operation: RedefineClasses
Event: 935.922 Executing VM operation: RedefineClasses done


Dynamic libraries:
0x000000000d37d000 	/System/Library/Frameworks/Cocoa.framework/Versions/A/Cocoa
0x000000000d37d000 	/System/Library/Frameworks/Security.framework/Versions/A/Security
0x000000000d37d000 	/System/Library/Frameworks/ApplicationServices.framework/Versions/A/ApplicationServices
0x000000000d37d000 	/usr/lib/libz.1.dylib
0x000000000d37d000 	/usr/lib/libSystem.B.dylib
0x000000000d37d000 	/usr/lib/libobjc.A.dylib
0x000000000d37d000 	/System/Library/Frameworks/CoreFoundation.framework/Versions/A/CoreFoundation
0x000000000d37d000 	/System/Library/Frameworks/Foundation.framework/Versions/C/Foundation
0x000000000d37d000 	/System/Library/Frameworks/AppKit.framework/Versions/C/AppKit
0x000000000d37d000 	/System/Library/Frameworks/CoreData.framework/Versions/A/CoreData
0x000000000d37d000 	/System/Library/PrivateFrameworks/RemoteViewServices.framework/Versions/A/RemoteViewServices
0x000000000d37d000 	/System/Library/PrivateFrameworks/UIFoundation.framework/Versions/A/UIFoundation
0x000000000d37d000 	/System/Library/Frameworks/IOSurface.framework/Versions/A/IOSurface
0x000000000d37d000 	/System/Library/Frameworks/AudioToolbox.framework/Versions/A/AudioToolbox
0x000000000d37d000 	/System/Library/Frameworks/AudioUnit.framework/Versions/A/AudioUnit
0x000000000d37d000 	/System/Library/PrivateFrameworks/DataDetectorsCore.framework/Versions/A/DataDetectorsCore
0x000000000d37d000 	/System/Library/PrivateFrameworks/DesktopServicesPriv.framework/Versions/A/DesktopServicesPriv
0x000000000d37d000 	/System/Library/Frameworks/Carbon.framework/Versions/A/Frameworks/HIToolbox.framework/Versions/A/HIToolbox
0x000000000d37d000 	/System/Library/Frameworks/QuartzCore.framework/Versions/A/QuartzCore
0x000000000d37d000 	/System/Library/Frameworks/Carbon.framework/Versions/A/Frameworks/SpeechRecognition.framework/Versions/A/SpeechRecognition
0x000000000d37d000 	/usr/lib/libauto.dylib
0x000000000d37d000 	/usr/lib/libicucore.A.dylib
0x000000000d37d000 	/usr/lib/libxml2.2.dylib
0x000000000d37d000 	/System/Library/PrivateFrameworks/CoreUI.framework/Versions/A/CoreUI
0x000000000d37d000 	/System/Library/Frameworks/CoreAudio.framework/Versions/A/CoreAudio
0x000000000d37d000 	/System/Library/Frameworks/DiskArbitration.framework/Versions/A/DiskArbitration
0x000000000d37d000 	/usr/lib/liblangid.dylib
0x000000000d37d000 	/System/Library/PrivateFrameworks/MultitouchSupport.framework/Versions/A/MultitouchSupport
0x000000000d37d000 	/System/Library/Frameworks/IOKit.framework/Versions/A/IOKit
0x000000000d37d000 	/usr/lib/libDiagnosticMessagesClient.dylib
0x000000000d37d000 	/System/Library/Frameworks/CoreServices.framework/Versions/A/CoreServices
0x000000000d37d000 	/System/Library/PrivateFrameworks/PerformanceAnalysis.framework/Versions/A/PerformanceAnalysis
0x000000000d37d000 	/System/Library/PrivateFrameworks/GenerationalStorage.framework/Versions/A/GenerationalStorage
0x000000000d37d000 	/System/Library/Frameworks/OpenGL.framework/Versions/A/OpenGL
0x000000000d37d000 	/System/Library/PrivateFrameworks/Sharing.framework/Versions/A/Sharing
0x000000000d37d000 	/System/Library/Frameworks/CoreGraphics.framework/Versions/A/CoreGraphics
0x000000000d37d000 	/System/Library/Frameworks/CoreText.framework/Versions/A/CoreText
0x000000000d37d000 	/System/Library/Frameworks/ImageIO.framework/Versions/A/ImageIO
0x000000000d37d000 	/usr/lib/libextension.dylib
0x000000000d37d000 	/System/Library/PrivateFrameworks/Backup.framework/Versions/A/Backup
0x000000000d37d000 	/usr/lib/libarchive.2.dylib
0x000000000d37d000 	/System/Library/Frameworks/CFNetwork.framework/Versions/A/CFNetwork
0x000000000d37d000 	/System/Library/Frameworks/SystemConfiguration.framework/Versions/A/SystemConfiguration
0x000000000d37d000 	/usr/lib/libCRFSuite.dylib
0x000000000d37d000 	/usr/lib/libc++.1.dylib
0x000000000d37d000 	/usr/lib/libc++abi.dylib
0x000000000d37d000 	/usr/lib/system/libcache.dylib
0x000000000d37d000 	/usr/lib/system/libcommonCrypto.dylib
0x000000000d37d000 	/usr/lib/system/libcompiler_rt.dylib
0x000000000d37d000 	/usr/lib/system/libcopyfile.dylib
0x000000000d37d000 	/usr/lib/system/libcorecrypto.dylib
0x000000000d37d000 	/usr/lib/system/libdispatch.dylib
0x000000000d37d000 	/usr/lib/system/libdyld.dylib
0x000000000d37d000 	/usr/lib/system/libkeymgr.dylib
0x000000000d37d000 	/usr/lib/system/liblaunch.dylib
0x000000000d37d000 	/usr/lib/system/libmacho.dylib
0x000000000d37d000 	/usr/lib/system/libquarantine.dylib
0x000000000d37d000 	/usr/lib/system/libremovefile.dylib
0x000000000d37d000 	/usr/lib/system/libsystem_asl.dylib
0x000000000d37d000 	/usr/lib/system/libsystem_blocks.dylib
0x000000000d37d000 	/usr/lib/system/libsystem_c.dylib
0x000000000d37d000 	/usr/lib/system/libsystem_configuration.dylib
0x000000000d37d000 	/usr/lib/system/libsystem_coreservices.dylib
0x000000000d37d000 	/usr/lib/system/libsystem_coretls.dylib
0x000000000d37d000 	/usr/lib/system/libsystem_dnssd.dylib
0x000000000d37d000 	/usr/lib/system/libsystem_info.dylib
0x000000000d37d000 	/usr/lib/system/libsystem_kernel.dylib
0x000000000d37d000 	/usr/lib/system/libsystem_m.dylib
0x000000000d37d000 	/usr/lib/system/libsystem_malloc.dylib
0x000000000d37d000 	/usr/lib/system/libsystem_network.dylib
0x000000000d37d000 	/usr/lib/system/libsystem_networkextension.dylib
0x000000000d37d000 	/usr/lib/system/libsystem_notify.dylib
0x000000000d37d000 	/usr/lib/system/libsystem_platform.dylib
0x000000000d37d000 	/usr/lib/system/libsystem_pthread.dylib
0x000000000d37d000 	/usr/lib/system/libsystem_sandbox.dylib
0x000000000d37d000 	/usr/lib/system/libsystem_secinit.dylib
0x000000000d37d000 	/usr/lib/system/libsystem_stats.dylib
0x000000000d37d000 	/usr/lib/system/libsystem_trace.dylib
0x000000000d37d000 	/usr/lib/system/libunc.dylib
0x000000000d37d000 	/usr/lib/system/libunwind.dylib
0x000000000d37d000 	/usr/lib/system/libxpc.dylib
0x000000000d37d000 	/usr/lib/libbz2.1.0.dylib
0x000000000d37d000 	/usr/lib/liblzma.5.dylib
0x000000000d37d000 	/usr/lib/libbsm.0.dylib
0x000000000d37d000 	/usr/lib/libsqlite3.dylib
0x000000000d37d000 	/usr/lib/system/libkxld.dylib
0x000000000d37d000 	/usr/lib/libxar.1.dylib
0x000000000d37d000 	/usr/lib/libpam.2.dylib
0x000000000d37d000 	/usr/lib/libOpenScriptingUtil.dylib
0x000000000d37d000 	/System/Library/Frameworks/CoreServices.framework/Versions/A/Frameworks/FSEvents.framework/Versions/A/FSEvents
0x000000000d37d000 	/System/Library/Frameworks/CoreServices.framework/Versions/A/Frameworks/CarbonCore.framework/Versions/A/CarbonCore
0x000000000d37d000 	/System/Library/Frameworks/CoreServices.framework/Versions/A/Frameworks/Metadata.framework/Versions/A/Metadata
0x000000000d37d000 	/System/Library/Frameworks/CoreServices.framework/Versions/A/Frameworks/OSServices.framework/Versions/A/OSServices
0x000000000d37d000 	/System/Library/Frameworks/CoreServices.framework/Versions/A/Frameworks/SearchKit.framework/Versions/A/SearchKit
0x000000000d37d000 	/System/Library/Frameworks/CoreServices.framework/Versions/A/Frameworks/AE.framework/Versions/A/AE
0x000000000d37d000 	/System/Library/Frameworks/CoreServices.framework/Versions/A/Frameworks/LaunchServices.framework/Versions/A/LaunchServices
0x000000000d37d000 	/System/Library/Frameworks/CoreServices.framework/Versions/A/Frameworks/DictionaryServices.framework/Versions/A/DictionaryServices
0x000000000d37d000 	/System/Library/Frameworks/NetFS.framework/Versions/A/NetFS
0x000000000d37d000 	/System/Library/PrivateFrameworks/NetAuth.framework/Versions/A/NetAuth
0x000000000d37d000 	/System/Library/PrivateFrameworks/login.framework/Versions/A/Frameworks/loginsupport.framework/Versions/A/loginsupport
0x000000000d37d000 	/System/Library/PrivateFrameworks/TCC.framework/Versions/A/TCC
0x000000000d37d000 	/usr/lib/libmecabra.dylib
0x000000000d37d000 	/System/Library/Frameworks/ApplicationServices.framework/Versions/A/Frameworks/ATS.framework/Versions/A/ATS
0x000000000d37d000 	/System/Library/Frameworks/ApplicationServices.framework/Versions/A/Frameworks/ColorSync.framework/Versions/A/ColorSync
0x000000000d37d000 	/System/Library/Frameworks/ApplicationServices.framework/Versions/A/Frameworks/HIServices.framework/Versions/A/HIServices
0x000000000d37d000 	/System/Library/Frameworks/ApplicationServices.framework/Versions/A/Frameworks/LangAnalysis.framework/Versions/A/LangAnalysis
0x000000000d37d000 	/System/Library/Frameworks/ApplicationServices.framework/Versions/A/Frameworks/PrintCore.framework/Versions/A/PrintCore
0x000000000d37d000 	/System/Library/Frameworks/ApplicationServices.framework/Versions/A/Frameworks/QD.framework/Versions/A/QD
0x000000000d37d000 	/System/Library/Frameworks/ApplicationServices.framework/Versions/A/Frameworks/SpeechSynthesis.framework/Versions/A/SpeechSynthesis
0x000000000d37d000 	/System/Library/Frameworks/Accelerate.framework/Versions/A/Accelerate
0x000000000d37d000 	/System/Library/Frameworks/Accelerate.framework/Versions/A/Frameworks/vImage.framework/Versions/A/vImage
0x000000000d37d000 	/System/Library/Frameworks/Accelerate.framework/Versions/A/Frameworks/vecLib.framework/Versions/A/vecLib
0x000000000d37d000 	/System/Library/Frameworks/Accelerate.framework/Versions/A/Frameworks/vecLib.framework/Versions/A/libvDSP.dylib
0x000000000d37d000 	/System/Library/Frameworks/Accelerate.framework/Versions/A/Frameworks/vecLib.framework/Versions/A/libvMisc.dylib
0x000000000d37d000 	/System/Library/Frameworks/Accelerate.framework/Versions/A/Frameworks/vecLib.framework/Versions/A/libLAPACK.dylib
0x000000000d37d000 	/System/Library/Frameworks/Accelerate.framework/Versions/A/Frameworks/vecLib.framework/Versions/A/libBLAS.dylib
0x000000000d37d000 	/System/Library/Frameworks/Accelerate.framework/Versions/A/Frameworks/vecLib.framework/Versions/A/libLinearAlgebra.dylib
0x000000000d37d000 	/System/Library/Frameworks/ApplicationServices.framework/Versions/A/Frameworks/ATS.framework/Versions/A/Resources/libFontParser.dylib
0x000000000d37d000 	/System/Library/Frameworks/ApplicationServices.framework/Versions/A/Frameworks/ATS.framework/Versions/A/Resources/libFontRegistry.dylib
0x000000000d37d000 	/System/Library/PrivateFrameworks/AppleVPA.framework/Versions/A/AppleVPA
0x000000000d37d000 	/System/Library/PrivateFrameworks/AppleJPEG.framework/Versions/A/AppleJPEG
0x000000000d37d000 	/System/Library/Frameworks/ImageIO.framework/Versions/A/Resources/libJPEG.dylib
0x000000000d37d000 	/System/Library/Frameworks/ImageIO.framework/Versions/A/Resources/libTIFF.dylib
0x000000000d37d000 	/System/Library/Frameworks/ImageIO.framework/Versions/A/Resources/libPng.dylib
0x000000000d37d000 	/System/Library/Frameworks/ImageIO.framework/Versions/A/Resources/libGIF.dylib
0x000000000d37d000 	/System/Library/Frameworks/ImageIO.framework/Versions/A/Resources/libJP2.dylib
0x000000000d37d000 	/System/Library/Frameworks/ImageIO.framework/Versions/A/Resources/libRadiance.dylib
0x000000000d37d000 	/System/Library/Frameworks/CoreVideo.framework/Versions/A/CoreVideo
0x000000000d37d000 	/System/Library/Frameworks/OpenGL.framework/Versions/A/Libraries/libGLU.dylib
0x000000000d37d000 	/System/Library/Frameworks/OpenGL.framework/Versions/A/Libraries/libGFXShared.dylib
0x000000000d37d000 	/System/Library/Frameworks/OpenGL.framework/Versions/A/Libraries/libGL.dylib
0x000000000d37d000 	/System/Library/Frameworks/OpenGL.framework/Versions/A/Libraries/libGLImage.dylib
0x000000000d37d000 	/System/Library/Frameworks/OpenGL.framework/Versions/A/Libraries/libCVMSPluginSupport.dylib
0x000000000d37d000 	/System/Library/Frameworks/OpenGL.framework/Versions/A/Libraries/libCoreVMClient.dylib
0x000000000d37d000 	/usr/lib/libcups.2.dylib
0x000000000d37d000 	/System/Library/Frameworks/Kerberos.framework/Versions/A/Kerberos
0x000000000d37d000 	/System/Library/Frameworks/GSS.framework/Versions/A/GSS
0x000000000d37d000 	/usr/lib/libresolv.9.dylib
0x000000000d37d000 	/usr/lib/libiconv.2.dylib
0x000000000d37d000 	/System/Library/PrivateFrameworks/Heimdal.framework/Versions/A/Heimdal
0x000000000d37d000 	/usr/lib/libheimdal-asn1.dylib
0x000000000d37d000 	/System/Library/Frameworks/OpenDirectory.framework/Versions/A/OpenDirectory
0x000000000d37d000 	/System/Library/PrivateFrameworks/CommonAuth.framework/Versions/A/CommonAuth
0x000000000d37d000 	/System/Library/Frameworks/OpenDirectory.framework/Versions/A/Frameworks/CFOpenDirectory.framework/Versions/A/CFOpenDirectory
0x000000000d37d000 	/System/Library/Frameworks/SecurityFoundation.framework/Versions/A/SecurityFoundation
0x000000000d37d000 	/System/Library/PrivateFrameworks/LanguageModeling.framework/Versions/A/LanguageModeling
0x000000000d37d000 	/usr/lib/libcmph.dylib
0x000000000d37d000 	/System/Library/Frameworks/ServiceManagement.framework/Versions/A/ServiceManagement
0x000000000d37d000 	/usr/lib/libxslt.1.dylib
0x000000000d37d000 	/System/Library/Frameworks/Carbon.framework/Versions/A/Frameworks/Ink.framework/Versions/A/Ink
0x000000000d37d000 	/System/Library/Frameworks/QuartzCore.framework/Versions/A/Frameworks/CoreImage.framework/Versions/A/CoreImage
0x000000000d37d000 	/System/Library/PrivateFrameworks/CrashReporterSupport.framework/Versions/A/CrashReporterSupport
0x000000000d37d000 	/System/Library/Frameworks/OpenCL.framework/Versions/A/OpenCL
0x000000000d37d000 	/System/Library/PrivateFrameworks/FaceCore.framework/Versions/A/FaceCore
0x000000000d37d000 	/System/Library/PrivateFrameworks/Ubiquity.framework/Versions/A/Ubiquity
0x000000000d37d000 	/System/Library/PrivateFrameworks/IconServices.framework/Versions/A/IconServices
0x000000000d37d000 	/System/Library/PrivateFrameworks/ChunkingLibrary.framework/Versions/A/ChunkingLibrary
0x000000000d37d000 	/System/Library/PrivateFrameworks/Apple80211.framework/Versions/A/Apple80211
0x000000000d37d000 	/System/Library/Frameworks/CoreWLAN.framework/Versions/A/CoreWLAN
0x000000000d37d000 	/System/Library/Frameworks/IOBluetooth.framework/Versions/A/IOBluetooth
0x000000000d37d000 	/System/Library/PrivateFrameworks/CoreWiFi.framework/Versions/A/CoreWiFi
0x000000000d37d000 	/System/Library/Frameworks/CoreBluetooth.framework/Versions/A/CoreBluetooth
0x000000000d37d000 	/System/Library/PrivateFrameworks/DebugSymbols.framework/Versions/A/DebugSymbols
0x000000000d37d000 	/System/Library/PrivateFrameworks/CoreSymbolication.framework/Versions/A/CoreSymbolication
0x000000000d37d000 	/System/Library/PrivateFrameworks/Symbolication.framework/Versions/A/Symbolication
0x000000000d37d000 	/System/Library/PrivateFrameworks/SpeechRecognitionCore.framework/Versions/A/SpeechRecognitionCore
0x000000010f400000 	/Library/Java/JavaVirtualMachines/jdk1.8.0_31.jdk/Contents/Home/jre/lib/server/libjvm.dylib
0x000000000d37d000 	/usr/lib/libstdc++.6.dylib
0x000000010eb95000 	/Library/Java/JavaVirtualMachines/jdk1.8.0_31.jdk/Contents/Home/jre/lib/libverify.dylib
0x000000010eba3000 	/Library/Java/JavaVirtualMachines/jdk1.8.0_31.jdk/Contents/Home/jre/lib/libjava.dylib
0x0000000110422000 	/Library/Java/JavaVirtualMachines/jdk1.8.0_31.jdk/Contents/Home/jre/lib/libjdwp.dylib
0x000000010ebd8000 	/Library/Java/JavaVirtualMachines/jdk1.8.0_31.jdk/Contents/Home/jre/lib/libnpt.dylib
0x000000010ebe5000 	/Library/Java/JavaVirtualMachines/jdk1.8.0_31.jdk/Contents/Home/jre/lib/libzip.dylib
0x0000000123f79000 	/System/Library/Frameworks/JavaVM.framework/Frameworks/JavaRuntimeSupport.framework/JavaRuntimeSupport
0x0000000123f91000 	/System/Library/Frameworks/JavaVM.framework/Versions/A/Frameworks/JavaNativeFoundation.framework/Versions/A/JavaNativeFoundation
0x000000010ebef000 	/System/Library/Frameworks/JavaVM.framework/Versions/A/JavaVM
0x000000000d37d000 	/System/Library/Frameworks/Carbon.framework/Versions/A/Carbon
0x0000000123fa6000 	/System/Library/PrivateFrameworks/JavaLaunching.framework/Versions/A/JavaLaunching
0x000000000d37d000 	/System/Library/Frameworks/Carbon.framework/Versions/A/Frameworks/CommonPanels.framework/Versions/A/CommonPanels
0x000000000d37d000 	/System/Library/Frameworks/Carbon.framework/Versions/A/Frameworks/Help.framework/Versions/A/Help
0x000000000d37d000 	/System/Library/Frameworks/Carbon.framework/Versions/A/Frameworks/ImageCapture.framework/Versions/A/ImageCapture
0x000000000d37d000 	/System/Library/Frameworks/Carbon.framework/Versions/A/Frameworks/OpenScripting.framework/Versions/A/OpenScripting
0x000000000d37d000 	/System/Library/Frameworks/Carbon.framework/Versions/A/Frameworks/Print.framework/Versions/A/Print
0x000000000d37d000 	/System/Library/Frameworks/Carbon.framework/Versions/A/Frameworks/SecurityHI.framework/Versions/A/SecurityHI
0x000000012582f000 	/Library/Java/JavaVirtualMachines/jdk1.8.0_31.jdk/Contents/Home/jre/lib/libdt_socket.dylib
0x000000012619f000 	/Library/Java/JavaVirtualMachines/jdk1.8.0_31.jdk/Contents/Home/jre/lib/libnet.dylib
0x00000001261fe000 	/Library/Java/JavaVirtualMachines/jdk1.8.0_31.jdk/Contents/Home/jre/lib/libnio.dylib

VM Arguments:
jvm_args: -agentlib:jdwp=transport=dt_socket,address=127.0.0.1:57117,suspend=y,server=n -Dfile.encoding=UTF-8 
java_command: Main
java_class_path (initial): /Library/Java/JavaVirtualMachines/jdk1.8.0_31.jdk/Contents/Home/lib/ant-javafx.jar:/Library/Java/JavaVirtualMachines/jdk1.8.0_31.jdk/Contents/Home/lib/dt.jar:/Library/Java/JavaVirtualMachines/jdk1.8.0_31.jdk/Contents/Home/lib/javafx-mx.jar:/Library/Java/JavaVirtualMachines/jdk1.8.0_31.jdk/Contents/Home/lib/jconsole.jar:/Library/Java/JavaVirtualMachines/jdk1.8.0_31.jdk/Contents/Home/lib/sa-jdi.jar:/Library/Java/JavaVirtualMachines/jdk1.8.0_31.jdk/Contents/Home/lib/tools.jar:/Library/Java/JavaVirtualMachines/jdk1.8.0_31.jdk/Contents/Home/jre/lib/charsets.jar:/Library/Java/JavaVirtualMachines/jdk1.8.0_31.jdk/Contents/Home/jre/lib/deploy.jar:/Library/Java/JavaVirtualMachines/jdk1.8.0_31.jdk/Contents/Home/jre/lib/javaws.jar:/Library/Java/JavaVirtualMachines/jdk1.8.0_31.jdk/Contents/Home/jre/lib/jce.jar:/Library/Java/JavaVirtualMachines/jdk1.8.0_31.jdk/Contents/Home/jre/lib/jfr.jar:/Library/Java/JavaVirtualMachines/jdk1.8.0_31.jdk/Contents/Home/jre/lib/jfxswt.jar:/Library/Java/JavaVirtualMachines/jdk1.8.0_31.jdk/Contents/Home/jre/lib/jsse.jar:/Library/Java/JavaVirtualMachines/jdk1.8.0_31.jdk/Contents/Home/jre/lib/management-agent.jar:/Library/Java/JavaVirtualMachines/jdk1.8.0_31.jdk/Contents/Home/jre/lib/plugin.jar:/Library/Java/JavaVirtualMachines/jdk1.8.0_31.jdk/Contents/Home/jre/lib/resources.jar:/Library/Java/JavaVirtualMachines/jdk1.8.0_31.jdk/Contents/Home/jre/lib/rt.jar:/Library/Java/JavaVirtualMachines/jdk1.8.0_31.jdk/Contents/Home/jre/lib/ext/cldrdata.jar:/Library/Java/JavaVirtualMachines/jdk1.8.0_31.jdk/Contents/Home/jre/lib/ext/dnsns.jar:/Library/Java/JavaVirtualMachines/jdk1.8.0_31.jdk/Contents/Home/jre/lib/ext/jfxrt.jar:/Library/Java/JavaVirtualMachines/jdk1.8.0_31.jdk/Contents/Home/jre/lib/ext/localedata.jar:/Library/Java/JavaVirtualMachines/jdk1.8.0_31.jdk/Contents/Home/jre/lib/ext/nashorn.jar:/Library/Java/JavaVirtualMachines/jdk1.8.0_31.jdk/Contents/Home/jre/lib/ext/sunec.jar:/Library/Java/JavaVirtualMachines/jdk1.8.0_31.jdk/C
Launcher Type: SUN_STANDARD

Environment Variables:
PATH=/usr/local/apache-ant/bin:/opt/local/bin:/opt/local/sbin:/usr/local/bin:/usr/bin:/bin:/usr/sbin:/sbin:/opt/X11/bin:/usr/local/git/bin:/usr/texbin
SHELL=/bin/bash
DISPLAY=/private/tmp/com.apple.launchd.x8vhE0Vfs4/org.macosforge.xquartz:0

Signal Handlers:
SIGSEGV: [libjvm.dylib+0x57a0e7], sa_mask[0]=11111111011111110111111111111111, sa_flags=SA_ONSTACK|SA_RESTART|SA_SIGINFO
SIGBUS: [libjvm.dylib+0x57a0e7], sa_mask[0]=11111111011111110111111111111111, sa_flags=SA_RESTART|SA_SIGINFO
SIGFPE: [libjvm.dylib+0x45af24], sa_mask[0]=11111111011111110111111111111111, sa_flags=SA_RESTART|SA_SIGINFO
SIGPIPE: [libjvm.dylib+0x45af24], sa_mask[0]=11111111011111110111111111111111, sa_flags=SA_RESTART|SA_SIGINFO
SIGXFSZ: [libjvm.dylib+0x45af24], sa_mask[0]=11111111011111110111111111111111, sa_flags=SA_RESTART|SA_SIGINFO
SIGILL: [libjvm.dylib+0x45af24], sa_mask[0]=11111111011111110111111111111111, sa_flags=SA_RESTART|SA_SIGINFO
SIGUSR1: SIG_DFL, sa_mask[0]=00000000000000000000000000000000, sa_flags=none
SIGUSR2: [libjvm.dylib+0x45aa42], sa_mask[0]=00100000000000000000000000000000, sa_flags=SA_RESTART|SA_SIGINFO
SIGHUP: [libjvm.dylib+0x459015], sa_mask[0]=11111111011111110111111111111111, sa_flags=SA_RESTART|SA_SIGINFO
SIGINT: [libjvm.dylib+0x459015], sa_mask[0]=11111111011111110111111111111111, sa_flags=SA_RESTART|SA_SIGINFO
SIGTERM: [libjvm.dylib+0x459015], sa_mask[0]=11111111011111110111111111111111, sa_flags=SA_RESTART|SA_SIGINFO
SIGQUIT: [libjvm.dylib+0x459015], sa_mask[0]=11111111011111110111111111111111, sa_flags=SA_RESTART|SA_SIGINFO


---------------  S Y S T E M  ---------------

OS:Bsduname:Darwin 14.1.0 Darwin Kernel Version 14.1.0: Thu Feb 26 19:26:47 PST 2015; root:xnu-2782.10.73~1/RELEASE_X86_64 x86_64
rlimit: STACK 8192k, CORE 0k, NPROC 709, NOFILE 10240, AS infinity
load average:2.45 2.34 2.31

CPU:total 4 (2 cores per cpu, 2 threads per core) family 6 model 69 stepping 1, cmov, cx8, fxsr, mmx, sse, sse2, sse3, ssse3, sse4.1, sse4.2, popcnt, avx, avx2, aes, clmul, erms, lzcnt, ht, tsc, tscinvbit, bmi1, bmi2

Memory: 4k page, physical 4194304k(129992k free)

/proc/meminfo:


vm_info: Java HotSpot(TM) 64-Bit Server VM (25.31-b07) for bsd-amd64 JRE (1.8.0_31-b13), built on Dec 17 2014 20:45:36 by "java_re" with gcc 4.2.1 (Based on Apple Inc. build 5658) (LLVM build 2336.11.00)

time: Tue Apr 14 00:20:48 2015
elapsed time: 936 seconds (0d 0h 15m 36s)

