#
# A fatal error has been detected by the Java Runtime Environment:
#
#  SIGSEGV (0xb) at pc=0x0000000109a2317c, pid=3316, tid=16899
#
# JRE version: Java(TM) SE Runtime Environment (8.0_31-b13) (build 1.8.0_31-b13)
# Java VM: Java HotSpot(TM) 64-Bit Server VM (25.31-b07 mixed mode bsd-amd64 compressed oops)
# Problematic frame:
# V  [libjvm.dylib+0x42317c]
#
# Failed to write core dump. Core dumps have been disabled. To enable core dumping, try "ulimit -c unlimited" before starting Java again
#
# If you would like to submit a bug report, please visit:
#   http://bugreport.java.com/bugreport/crash.jsp
#

---------------  T H R E A D  ---------------

Current thread (0x00007f951a815800):  JavaThread "JDWP Transport Listener: dt_socket" daemon [_thread_in_vm, id=16899, stack(0x000000011f9cd000,0x000000011facd000)]

siginfo: si_signo: 11 (SIGSEGV), si_code: 0 (unknown), si_addr: 0x0000000000000000

Registers:
RAX=0x0000000000000001, RBX=0x000000011facca8b, RCX=0x0000000109dd7c70, RDX=0x000000011facca8b
RSP=0x000000011facc9d0, RBP=0x000000011facc9e0, RSI=0x00007f951a815800, RDI=0x00087f951a418750
R8 =0x0000000000000000, R9 =0x00007f951a400000, R10=0x0000000000000010, R11=0x00007f951a400000
R12=0x00007f951a815800, R13=0x00087f951a418750, R14=0x00087f951a418750, R15=0x00007f951a4000f0
RIP=0x0000000109a2317c, EFLAGS=0x0000000000010206, ERR=0x0000000000000000
  TRAPNO=0x000000000000000d

Top of Stack: (sp=0x000000011facc9d0)
0x000000011facc9d0:   000000011facca8b 000000011facca8b
0x000000011facc9e0:   000000011facca40 000000010993519e
0x000000011facc9f0:   00007f951a815800 0000000000000000
0x000000011facca00:   0000000000000000 0000000000000000
0x000000011facca10:   00007f951a815800 00007f951a815800
0x000000011facca20:   000000011facca8b 000000011facca90
0x000000011facca30:   00087f951a418750 000000000000000f
0x000000011facca40:   000000011facca60 000000010a53f7dc
0x000000011facca50:   0000000000000001 000000011faccb08
0x000000011facca60:   000000011faccad0 000000010a524263
0x000000011facca70:   000000011faccaa0 00007f951a4189e0
0x000000011facca80:   0000001000000032 0000000800accb08
0x000000011facca90:   0000000000000000 0000000000000000
0x000000011faccaa0:   0000000000000000 000000011faccc90
0x000000011faccab0:   000000010a546eca 00007f951a5360d0
0x000000011faccac0:   000000011faccb08 000000010a552588
0x000000011faccad0:   000000011faccae0 000000010a52435c
0x000000011faccae0:   000000011faccd00 000000010a52d8f6
0x000000011faccaf0:   0000ab3600000013 00000000000f0200
0x000000011faccb00:   00007f951a523f30 00007f951a4269c1
0x000000011faccb10:   00007f95000000e7 00007f951a425f30
0x000000011faccb20:   00007f950000012c 000000011faccb58
0x000000011faccb30:   00007f951a425f30 00007f0000000000
0x000000011faccb40:   0000ab3600000030 00007fff00005f80
0x000000011faccb50:   000000011faccb58 957f000010000000
0x000000011faccb60:   06000000c083411a 00003e74696e693c
0x000000011faccb70:   0000005629280300 7f00000100000000
0x000000011faccb80:   000000d083411a95 0000006e69616d04
0x000000011faccb90:   6176616a4c5b2816 74532f676e616c2f
0x000000011faccba0:   0056293b676e6972 0009000000000000
0x000000011faccbb0:   0048d1411a957f00 746e6972700e0000
0x000000011faccbc0:   6172724165646f4e 5629280300000079 

Instructions: (pc=0x0000000109a2317c)
0x0000000109a2315c:   40 48 48 85 c0 75 e0 30 c0 0f b6 c0 5d c3 31 c0
0x0000000109a2316c:   5d c3 55 48 89 e5 53 48 83 ec 08 48 85 ff 74 24
0x0000000109a2317c:   48 8b 1f 48 85 db 74 1c 48 83 fb 37 74 16 48 8b
0x0000000109a2318c:   03 48 89 df ff 50 10 84 c0 b8 00 00 00 00 48 0f 

Register to memory mapping:

RAX=0x0000000000000001 is an unknown value
RBX=0x000000011facca8b is pointing into the stack for thread: 0x00007f951a815800
RCX=0x0000000109dd7c70: UseMembar+0 in /Library/Java/JavaVirtualMachines/jdk1.8.0_31.jdk/Contents/Home/jre/lib/server/libjvm.dylib at 0x0000000109600000
RDX=0x000000011facca8b is pointing into the stack for thread: 0x00007f951a815800
RSP=0x000000011facc9d0 is pointing into the stack for thread: 0x00007f951a815800
RBP=0x000000011facc9e0 is pointing into the stack for thread: 0x00007f951a815800
RSI=0x00007f951a815800 is a thread
RDI=0x00087f951a418750 is an unknown value
R8 =0x0000000000000000 is an unknown value
R9 =0x00007f951a400000 is an unknown value
R10=0x0000000000000010 is an unknown value
R11=0x00007f951a400000 is an unknown value
R12=0x00007f951a815800 is a thread
R13=0x00087f951a418750 is an unknown value
R14=0x00087f951a418750 is an unknown value
R15=0x00007f951a4000f0 is an unknown value


Stack: [0x000000011f9cd000,0x000000011facd000],  sp=0x000000011facc9d0,  free space=1022k
Native frames: (J=compiled Java code, j=interpreted, Vv=VM code, C=native code)
V  [libjvm.dylib+0x42317c]
V  [libjvm.dylib+0x33519e]
C  [libjdwp.dylib+0x207dc]  isMethodSynthetic+0x63
C  [libjdwp.dylib+0x5263]  methods1+0x10b
C  [libjdwp.dylib+0x535c]  methodsWithGeneric+0xe
C  [libjdwp.dylib+0xe8f6]  debugLoop_run+0x1ce
C  [libjdwp.dylib+0x1f716]  attachThread+0x4d
V  [libjvm.dylib+0x3761fe]
V  [libjvm.dylib+0x5360cf]
V  [libjvm.dylib+0x53780c]
V  [libjvm.dylib+0x45d772]
C  [libsystem_pthread.dylib+0x3268]  _pthread_body+0x83
C  [libsystem_pthread.dylib+0x31e5]  _pthread_body+0x0
C  [libsystem_pthread.dylib+0x141d]  thread_start+0xd
C  0x0000000000000000


---------------  P R O C E S S  ---------------

Java Threads: ( => current thread )
  0x00007f951b837800 JavaThread "Service Thread" daemon [_thread_blocked, id=19971, stack(0x000000011ffdf000,0x00000001200df000)]
  0x00007f951c019000 JavaThread "C1 CompilerThread2" daemon [_thread_blocked, id=19459, stack(0x000000011fedc000,0x000000011ffdc000)]
  0x00007f951a830800 JavaThread "C2 CompilerThread1" daemon [_thread_blocked, id=18947, stack(0x000000011fdd9000,0x000000011fed9000)]
  0x00007f951b837000 JavaThread "C2 CompilerThread0" daemon [_thread_blocked, id=18435, stack(0x000000011fcd6000,0x000000011fdd6000)]
  0x00007f951a816800 JavaThread "JDWP Command Reader" daemon [_thread_in_native, id=17923, stack(0x000000011fbd3000,0x000000011fcd3000)]
  0x00007f951b835800 JavaThread "JDWP Event Helper Thread" daemon [_thread_blocked, id=17411, stack(0x000000011fad0000,0x000000011fbd0000)]
=>0x00007f951a815800 JavaThread "JDWP Transport Listener: dt_socket" daemon [_thread_in_vm, id=16899, stack(0x000000011f9cd000,0x000000011facd000)]
  0x00007f951b030000 JavaThread "Signal Dispatcher" daemon [_thread_blocked, id=14607, stack(0x000000011f8c3000,0x000000011f9c3000)]
  0x00007f951b02e800 JavaThread "Finalizer" daemon [_thread_blocked, id=12035, stack(0x000000011df7d000,0x000000011e07d000)]
  0x00007f951b028000 JavaThread "Reference Handler" daemon [_thread_blocked, id=11523, stack(0x000000011de7a000,0x000000011df7a000)]
  0x00007f951b00c000 JavaThread "main" [_thread_blocked, id=5379, stack(0x0000000108ca6000,0x0000000108da6000)]

Other Threads:
  0x00007f951b025800 VMThread [stack: 0x000000011dd77000,0x000000011de77000] [id=11011]
  0x00007f951a813800 WatcherThread [stack: 0x00000001200e2000,0x00000001201e2000] [id=20483]

VM state:not at safepoint (normal execution)

VM Mutex/Monitor currently owned by a thread: None

Heap:
 PSYoungGen      total 18944K, used 2966K [0x00000007aab00000, 0x00000007ac000000, 0x00000007c0000000)
  eden space 16384K, 18% used [0x00000007aab00000,0x00000007aade5830,0x00000007abb00000)
  from space 2560K, 0% used [0x00000007abd80000,0x00000007abd80000,0x00000007ac000000)
  to   space 2560K, 0% used [0x00000007abb00000,0x00000007abb00000,0x00000007abd80000)
 ParOldGen       total 44032K, used 0K [0x0000000780000000, 0x0000000782b00000, 0x00000007aab00000)
  object space 44032K, 0% used [0x0000000780000000,0x0000000780000000,0x0000000782b00000)
 Metaspace       used 3681K, capacity 4604K, committed 4864K, reserved 1056768K
  class space    used 415K, capacity 428K, committed 512K, reserved 1048576K

Card table byte_map: [0x0000000119933000,0x0000000119b34000] byte_map_base: 0x0000000115d33000

Marking Bits: (ParMarkBitMap*) 0x0000000109e9e410
 Begin Bits: [0x000000011a096000, 0x000000011b096000)
 End Bits:   [0x000000011b096000, 0x000000011c096000)

Polling page: 0x0000000108dea000

CodeCache: size=245760Kb used=1284Kb max_used=1284Kb free=244475Kb
 bounds [0x000000010a573000, 0x000000010a7e3000, 0x0000000119573000]
 total_blobs=361 nmethods=111 adapters=173
 compilation: enabled

Compilation events (10 events):
Event: 0.262 Thread 0x00007f951c019000  105       3       java.lang.Math::max (11 bytes)
Event: 0.262 Thread 0x00007f951c019000 nmethod 105 0x000000010a6b10d0 code [0x000000010a6b1240, 0x000000010a6b13d0]
Event: 0.266 Thread 0x00007f951c019000  106       3       java.util.concurrent.ConcurrentHashMap::setTabAt (19 bytes)
Event: 0.266 Thread 0x00007f951c019000 nmethod 106 0x000000010a6b21d0 code [0x000000010a6b2320, 0x000000010a6b2490]
Event: 0.267 Thread 0x00007f951c019000  108       3       java.util.AbstractCollection::<init> (5 bytes)
Event: 0.267 Thread 0x00007f951c019000 nmethod 108 0x000000010a6b28d0 code [0x000000010a6b2a40, 0x000000010a6b2bf0]
Event: 0.267 Thread 0x00007f951c019000  110       3       java.util.ArrayList::get (11 bytes)
Event: 0.267 Thread 0x00007f951c019000 nmethod 110 0x000000010a6b2c90 code [0x000000010a6b2e40, 0x000000010a6b3198]
Event: 0.267 Thread 0x00007f951c019000  111       3       java.util.ArrayList::rangeCheck (22 bytes)
Event: 0.268 Thread 0x00007f951c019000 nmethod 111 0x000000010a6b3610 code [0x000000010a6b3820, 0x000000010a6b42b8]

GC Heap History (0 events):
No events

Deoptimization events (0 events):
No events

Internal exceptions (10 events):
Event: 0.187 Thread 0x00007f951b00c000 Exception <a 'java/security/PrivilegedActionException'> (0x00000007aacf1040) thrown at [/Users/java_re/workspace/8-2-build-macosx-x86_64/jdk8u31/2394/hotspot/src/share/vm/prims/jvm.cpp, line 1312]
Event: 0.187 Thread 0x00007f951b00c000 Exception <a 'java/security/PrivilegedActionException'> (0x00000007aacf13b0) thrown at [/Users/java_re/workspace/8-2-build-macosx-x86_64/jdk8u31/2394/hotspot/src/share/vm/prims/jvm.cpp, line 1312]
Event: 0.211 Thread 0x00007f951b00c000 Exception <a 'java/security/PrivilegedActionException'> (0x00000007aad1de38) thrown at [/Users/java_re/workspace/8-2-build-macosx-x86_64/jdk8u31/2394/hotspot/src/share/vm/prims/jvm.cpp, line 1312]
Event: 0.238 Thread 0x00007f951b00c000 Exception <a 'java/security/PrivilegedActionException'> (0x00000007aad476e8) thrown at [/Users/java_re/workspace/8-2-build-macosx-x86_64/jdk8u31/2394/hotspot/src/share/vm/prims/jvm.cpp, line 1312]
Event: 0.238 Thread 0x00007f951b00c000 Exception <a 'java/security/PrivilegedActionException'> (0x00000007aad47a30) thrown at [/Users/java_re/workspace/8-2-build-macosx-x86_64/jdk8u31/2394/hotspot/src/share/vm/prims/jvm.cpp, line 1312]
Event: 0.238 Thread 0x00007f951b00c000 Exception <a 'java/security/PrivilegedActionException'> (0x00000007aad4adb0) thrown at [/Users/java_re/workspace/8-2-build-macosx-x86_64/jdk8u31/2394/hotspot/src/share/vm/prims/jvm.cpp, line 1312]
Event: 0.238 Thread 0x00007f951b00c000 Exception <a 'java/security/PrivilegedActionException'> (0x00000007aad4b0f8) thrown at [/Users/java_re/workspace/8-2-build-macosx-x86_64/jdk8u31/2394/hotspot/src/share/vm/prims/jvm.cpp, line 1312]
Event: 0.252 Thread 0x00007f951b00c000 Exception <a 'java/security/PrivilegedActionException'> (0x00000007aad62a28) thrown at [/Users/java_re/workspace/8-2-build-macosx-x86_64/jdk8u31/2394/hotspot/src/share/vm/prims/jvm.cpp, line 1312]
Event: 0.253 Thread 0x00007f951b00c000 Exception <a 'java/security/PrivilegedActionException'> (0x00000007aad68670) thrown at [/Users/java_re/workspace/8-2-build-macosx-x86_64/jdk8u31/2394/hotspot/src/share/vm/prims/jvm.cpp, line 1312]
Event: 0.267 Thread 0x00007f951b00c000 Exception <a 'java/security/PrivilegedActionException'> (0x00000007aad743f0) thrown at [/Users/java_re/workspace/8-2-build-macosx-x86_64/jdk8u31/2394/hotspot/src/share/vm/prims/jvm.cpp, line 1312]

Events (10 events):
Event: 317.571 Executing VM operation: ForceSafepoint
Event: 317.571 Executing VM operation: ForceSafepoint done
Event: 317.573 Executing VM operation: ForceSafepoint
Event: 317.573 Executing VM operation: ForceSafepoint done
Event: 320.572 Executing VM operation: ForceSafepoint
Event: 320.572 Executing VM operation: ForceSafepoint done
Event: 620.338 Executing VM operation: ChangeBreakpoints
Event: 620.338 Executing VM operation: ChangeBreakpoints done
Event: 620.342 Executing VM operation: RedefineClasses
Event: 620.342 Executing VM operation: RedefineClasses done


Dynamic libraries:
0x000000000d37d000 	/System/Library/Frameworks/Cocoa.framework/Versions/A/Cocoa
0x000000000d37d000 	/System/Library/Frameworks/Security.framework/Versions/A/Security
0x000000000d37d000 	/System/Library/Frameworks/ApplicationServices.framework/Versions/A/ApplicationServices
0x000000000d37d000 	/usr/lib/libz.1.dylib
0x000000000d37d000 	/usr/lib/libSystem.B.dylib
0x000000000d37d000 	/usr/lib/libobjc.A.dylib
0x000000000d37d000 	/System/Library/Frameworks/CoreFoundation.framework/Versions/A/CoreFoundation
0x000000000d37d000 	/System/Library/Frameworks/Foundation.framework/Versions/C/Foundation
0x000000000d37d000 	/System/Library/Frameworks/AppKit.framework/Versions/C/AppKit
0x000000000d37d000 	/System/Library/Frameworks/CoreData.framework/Versions/A/CoreData
0x000000000d37d000 	/System/Library/PrivateFrameworks/RemoteViewServices.framework/Versions/A/RemoteViewServices
0x000000000d37d000 	/System/Library/PrivateFrameworks/UIFoundation.framework/Versions/A/UIFoundation
0x000000000d37d000 	/System/Library/Frameworks/IOSurface.framework/Versions/A/IOSurface
0x000000000d37d000 	/System/Library/Frameworks/AudioToolbox.framework/Versions/A/AudioToolbox
0x000000000d37d000 	/System/Library/Frameworks/AudioUnit.framework/Versions/A/AudioUnit
0x000000000d37d000 	/System/Library/PrivateFrameworks/DataDetectorsCore.framework/Versions/A/DataDetectorsCore
0x000000000d37d000 	/System/Library/PrivateFrameworks/DesktopServicesPriv.framework/Versions/A/DesktopServicesPriv
0x000000000d37d000 	/System/Library/Frameworks/Carbon.framework/Versions/A/Frameworks/HIToolbox.framework/Versions/A/HIToolbox
0x000000000d37d000 	/System/Library/Frameworks/QuartzCore.framework/Versions/A/QuartzCore
0x000000000d37d000 	/System/Library/Frameworks/Carbon.framework/Versions/A/Frameworks/SpeechRecognition.framework/Versions/A/SpeechRecognition
0x000000000d37d000 	/usr/lib/libauto.dylib
0x000000000d37d000 	/usr/lib/libicucore.A.dylib
0x000000000d37d000 	/usr/lib/libxml2.2.dylib
0x000000000d37d000 	/System/Library/PrivateFrameworks/CoreUI.framework/Versions/A/CoreUI
0x000000000d37d000 	/System/Library/Frameworks/CoreAudio.framework/Versions/A/CoreAudio
0x000000000d37d000 	/System/Library/Frameworks/DiskArbitration.framework/Versions/A/DiskArbitration
0x000000000d37d000 	/usr/lib/liblangid.dylib
0x000000000d37d000 	/System/Library/PrivateFrameworks/MultitouchSupport.framework/Versions/A/MultitouchSupport
0x000000000d37d000 	/System/Library/Frameworks/IOKit.framework/Versions/A/IOKit
0x000000000d37d000 	/usr/lib/libDiagnosticMessagesClient.dylib
0x000000000d37d000 	/System/Library/Frameworks/CoreServices.framework/Versions/A/CoreServices
0x000000000d37d000 	/System/Library/PrivateFrameworks/PerformanceAnalysis.framework/Versions/A/PerformanceAnalysis
0x000000000d37d000 	/System/Library/PrivateFrameworks/GenerationalStorage.framework/Versions/A/GenerationalStorage
0x000000000d37d000 	/System/Library/Frameworks/OpenGL.framework/Versions/A/OpenGL
0x000000000d37d000 	/System/Library/PrivateFrameworks/Sharing.framework/Versions/A/Sharing
0x000000000d37d000 	/System/Library/Frameworks/CoreGraphics.framework/Versions/A/CoreGraphics
0x000000000d37d000 	/System/Library/Frameworks/CoreText.framework/Versions/A/CoreText
0x000000000d37d000 	/System/Library/Frameworks/ImageIO.framework/Versions/A/ImageIO
0x000000000d37d000 	/usr/lib/libextension.dylib
0x000000000d37d000 	/System/Library/PrivateFrameworks/Backup.framework/Versions/A/Backup
0x000000000d37d000 	/usr/lib/libarchive.2.dylib
0x000000000d37d000 	/System/Library/Frameworks/CFNetwork.framework/Versions/A/CFNetwork
0x000000000d37d000 	/System/Library/Frameworks/SystemConfiguration.framework/Versions/A/SystemConfiguration
0x000000000d37d000 	/usr/lib/libCRFSuite.dylib
0x000000000d37d000 	/usr/lib/libc++.1.dylib
0x000000000d37d000 	/usr/lib/libc++abi.dylib
0x000000000d37d000 	/usr/lib/system/libcache.dylib
0x000000000d37d000 	/usr/lib/system/libcommonCrypto.dylib
0x000000000d37d000 	/usr/lib/system/libcompiler_rt.dylib
0x000000000d37d000 	/usr/lib/system/libcopyfile.dylib
0x000000000d37d000 	/usr/lib/system/libcorecrypto.dylib
0x000000000d37d000 	/usr/lib/system/libdispatch.dylib
0x000000000d37d000 	/usr/lib/system/libdyld.dylib
0x000000000d37d000 	/usr/lib/system/libkeymgr.dylib
0x000000000d37d000 	/usr/lib/system/liblaunch.dylib
0x000000000d37d000 	/usr/lib/system/libmacho.dylib
0x000000000d37d000 	/usr/lib/system/libquarantine.dylib
0x000000000d37d000 	/usr/lib/system/libremovefile.dylib
0x000000000d37d000 	/usr/lib/system/libsystem_asl.dylib
0x000000000d37d000 	/usr/lib/system/libsystem_blocks.dylib
0x000000000d37d000 	/usr/lib/system/libsystem_c.dylib
0x000000000d37d000 	/usr/lib/system/libsystem_configuration.dylib
0x000000000d37d000 	/usr/lib/system/libsystem_coreservices.dylib
0x000000000d37d000 	/usr/lib/system/libsystem_coretls.dylib
0x000000000d37d000 	/usr/lib/system/libsystem_dnssd.dylib
0x000000000d37d000 	/usr/lib/system/libsystem_info.dylib
0x000000000d37d000 	/usr/lib/system/libsystem_kernel.dylib
0x000000000d37d000 	/usr/lib/system/libsystem_m.dylib
0x000000000d37d000 	/usr/lib/system/libsystem_malloc.dylib
0x000000000d37d000 	/usr/lib/system/libsystem_network.dylib
0x000000000d37d000 	/usr/lib/system/libsystem_networkextension.dylib
0x000000000d37d000 	/usr/lib/system/libsystem_notify.dylib
0x000000000d37d000 	/usr/lib/system/libsystem_platform.dylib
0x000000000d37d000 	/usr/lib/system/libsystem_pthread.dylib
0x000000000d37d000 	/usr/lib/system/libsystem_sandbox.dylib
0x000000000d37d000 	/usr/lib/system/libsystem_secinit.dylib
0x000000000d37d000 	/usr/lib/system/libsystem_stats.dylib
0x000000000d37d000 	/usr/lib/system/libsystem_trace.dylib
0x000000000d37d000 	/usr/lib/system/libunc.dylib
0x000000000d37d000 	/usr/lib/system/libunwind.dylib
0x000000000d37d000 	/usr/lib/system/libxpc.dylib
0x000000000d37d000 	/usr/lib/libbz2.1.0.dylib
0x000000000d37d000 	/usr/lib/liblzma.5.dylib
0x000000000d37d000 	/usr/lib/libbsm.0.dylib
0x000000000d37d000 	/usr/lib/libsqlite3.dylib
0x000000000d37d000 	/usr/lib/system/libkxld.dylib
0x000000000d37d000 	/usr/lib/libxar.1.dylib
0x000000000d37d000 	/usr/lib/libpam.2.dylib
0x000000000d37d000 	/usr/lib/libOpenScriptingUtil.dylib
0x000000000d37d000 	/System/Library/Frameworks/CoreServices.framework/Versions/A/Frameworks/FSEvents.framework/Versions/A/FSEvents
0x000000000d37d000 	/System/Library/Frameworks/CoreServices.framework/Versions/A/Frameworks/CarbonCore.framework/Versions/A/CarbonCore
0x000000000d37d000 	/System/Library/Frameworks/CoreServices.framework/Versions/A/Frameworks/Metadata.framework/Versions/A/Metadata
0x000000000d37d000 	/System/Library/Frameworks/CoreServices.framework/Versions/A/Frameworks/OSServices.framework/Versions/A/OSServices
0x000000000d37d000 	/System/Library/Frameworks/CoreServices.framework/Versions/A/Frameworks/SearchKit.framework/Versions/A/SearchKit
0x000000000d37d000 	/System/Library/Frameworks/CoreServices.framework/Versions/A/Frameworks/AE.framework/Versions/A/AE
0x000000000d37d000 	/System/Library/Frameworks/CoreServices.framework/Versions/A/Frameworks/LaunchServices.framework/Versions/A/LaunchServices
0x000000000d37d000 	/System/Library/Frameworks/CoreServices.framework/Versions/A/Frameworks/DictionaryServices.framework/Versions/A/DictionaryServices
0x000000000d37d000 	/System/Library/Frameworks/NetFS.framework/Versions/A/NetFS
0x000000000d37d000 	/System/Library/PrivateFrameworks/NetAuth.framework/Versions/A/NetAuth
0x000000000d37d000 	/System/Library/PrivateFrameworks/login.framework/Versions/A/Frameworks/loginsupport.framework/Versions/A/loginsupport
0x000000000d37d000 	/System/Library/PrivateFrameworks/TCC.framework/Versions/A/TCC
0x000000000d37d000 	/usr/lib/libmecabra.dylib
0x000000000d37d000 	/System/Library/Frameworks/ApplicationServices.framework/Versions/A/Frameworks/ATS.framework/Versions/A/ATS
0x000000000d37d000 	/System/Library/Frameworks/ApplicationServices.framework/Versions/A/Frameworks/ColorSync.framework/Versions/A/ColorSync
0x000000000d37d000 	/System/Library/Frameworks/ApplicationServices.framework/Versions/A/Frameworks/HIServices.framework/Versions/A/HIServices
0x000000000d37d000 	/System/Library/Frameworks/ApplicationServices.framework/Versions/A/Frameworks/LangAnalysis.framework/Versions/A/LangAnalysis
0x000000000d37d000 	/System/Library/Frameworks/ApplicationServices.framework/Versions/A/Frameworks/PrintCore.framework/Versions/A/PrintCore
0x000000000d37d000 	/System/Library/Frameworks/ApplicationServices.framework/Versions/A/Frameworks/QD.framework/Versions/A/QD
0x000000000d37d000 	/System/Library/Frameworks/ApplicationServices.framework/Versions/A/Frameworks/SpeechSynthesis.framework/Versions/A/SpeechSynthesis
0x000000000d37d000 	/System/Library/Frameworks/Accelerate.framework/Versions/A/Accelerate
0x000000000d37d000 	/System/Library/Frameworks/Accelerate.framework/Versions/A/Frameworks/vImage.framework/Versions/A/vImage
0x000000000d37d000 	/System/Library/Frameworks/Accelerate.framework/Versions/A/Frameworks/vecLib.framework/Versions/A/vecLib
0x000000000d37d000 	/System/Library/Frameworks/Accelerate.framework/Versions/A/Frameworks/vecLib.framework/Versions/A/libvDSP.dylib
0x000000000d37d000 	/System/Library/Frameworks/Accelerate.framework/Versions/A/Frameworks/vecLib.framework/Versions/A/libvMisc.dylib
0x000000000d37d000 	/System/Library/Frameworks/Accelerate.framework/Versions/A/Frameworks/vecLib.framework/Versions/A/libLAPACK.dylib
0x000000000d37d000 	/System/Library/Frameworks/Accelerate.framework/Versions/A/Frameworks/vecLib.framework/Versions/A/libBLAS.dylib
0x000000000d37d000 	/System/Library/Frameworks/Accelerate.framework/Versions/A/Frameworks/vecLib.framework/Versions/A/libLinearAlgebra.dylib
0x000000000d37d000 	/System/Library/Frameworks/ApplicationServices.framework/Versions/A/Frameworks/ATS.framework/Versions/A/Resources/libFontParser.dylib
0x000000000d37d000 	/System/Library/Frameworks/ApplicationServices.framework/Versions/A/Frameworks/ATS.framework/Versions/A/Resources/libFontRegistry.dylib
0x000000000d37d000 	/System/Library/PrivateFrameworks/AppleVPA.framework/Versions/A/AppleVPA
0x000000000d37d000 	/System/Library/PrivateFrameworks/AppleJPEG.framework/Versions/A/AppleJPEG
0x000000000d37d000 	/System/Library/Frameworks/ImageIO.framework/Versions/A/Resources/libJPEG.dylib
0x000000000d37d000 	/System/Library/Frameworks/ImageIO.framework/Versions/A/Resources/libTIFF.dylib
0x000000000d37d000 	/System/Library/Frameworks/ImageIO.framework/Versions/A/Resources/libPng.dylib
0x000000000d37d000 	/System/Library/Frameworks/ImageIO.framework/Versions/A/Resources/libGIF.dylib
0x000000000d37d000 	/System/Library/Frameworks/ImageIO.framework/Versions/A/Resources/libJP2.dylib
0x000000000d37d000 	/System/Library/Frameworks/ImageIO.framework/Versions/A/Resources/libRadiance.dylib
0x000000000d37d000 	/System/Library/Frameworks/CoreVideo.framework/Versions/A/CoreVideo
0x000000000d37d000 	/System/Library/Frameworks/OpenGL.framework/Versions/A/Libraries/libGLU.dylib
0x000000000d37d000 	/System/Library/Frameworks/OpenGL.framework/Versions/A/Libraries/libGFXShared.dylib
0x000000000d37d000 	/System/Library/Frameworks/OpenGL.framework/Versions/A/Libraries/libGL.dylib
0x000000000d37d000 	/System/Library/Frameworks/OpenGL.framework/Versions/A/Libraries/libGLImage.dylib
0x000000000d37d000 	/System/Library/Frameworks/OpenGL.framework/Versions/A/Libraries/libCVMSPluginSupport.dylib
0x000000000d37d000 	/System/Library/Frameworks/OpenGL.framework/Versions/A/Libraries/libCoreVMClient.dylib
0x000000000d37d000 	/usr/lib/libcups.2.dylib
0x000000000d37d000 	/System/Library/Frameworks/Kerberos.framework/Versions/A/Kerberos
0x000000000d37d000 	/System/Library/Frameworks/GSS.framework/Versions/A/GSS
0x000000000d37d000 	/usr/lib/libresolv.9.dylib
0x000000000d37d000 	/usr/lib/libiconv.2.dylib
0x000000000d37d000 	/System/Library/PrivateFrameworks/Heimdal.framework/Versions/A/Heimdal
0x000000000d37d000 	/usr/lib/libheimdal-asn1.dylib
0x000000000d37d000 	/System/Library/Frameworks/OpenDirectory.framework/Versions/A/OpenDirectory
0x000000000d37d000 	/System/Library/PrivateFrameworks/CommonAuth.framework/Versions/A/CommonAuth
0x000000000d37d000 	/System/Library/Frameworks/OpenDirectory.framework/Versions/A/Frameworks/CFOpenDirectory.framework/Versions/A/CFOpenDirectory
0x000000000d37d000 	/System/Library/Frameworks/SecurityFoundation.framework/Versions/A/SecurityFoundation
0x000000000d37d000 	/System/Library/PrivateFrameworks/LanguageModeling.framework/Versions/A/LanguageModeling
0x000000000d37d000 	/usr/lib/libcmph.dylib
0x000000000d37d000 	/System/Library/Frameworks/ServiceManagement.framework/Versions/A/ServiceManagement
0x000000000d37d000 	/usr/lib/libxslt.1.dylib
0x000000000d37d000 	/System/Library/Frameworks/Carbon.framework/Versions/A/Frameworks/Ink.framework/Versions/A/Ink
0x000000000d37d000 	/System/Library/Frameworks/QuartzCore.framework/Versions/A/Frameworks/CoreImage.framework/Versions/A/CoreImage
0x000000000d37d000 	/System/Library/PrivateFrameworks/CrashReporterSupport.framework/Versions/A/CrashReporterSupport
0x000000000d37d000 	/System/Library/Frameworks/OpenCL.framework/Versions/A/OpenCL
0x000000000d37d000 	/System/Library/PrivateFrameworks/FaceCore.framework/Versions/A/FaceCore
0x000000000d37d000 	/System/Library/PrivateFrameworks/Ubiquity.framework/Versions/A/Ubiquity
0x000000000d37d000 	/System/Library/PrivateFrameworks/IconServices.framework/Versions/A/IconServices
0x000000000d37d000 	/System/Library/PrivateFrameworks/ChunkingLibrary.framework/Versions/A/ChunkingLibrary
0x000000000d37d000 	/System/Library/PrivateFrameworks/Apple80211.framework/Versions/A/Apple80211
0x000000000d37d000 	/System/Library/Frameworks/CoreWLAN.framework/Versions/A/CoreWLAN
0x000000000d37d000 	/System/Library/Frameworks/IOBluetooth.framework/Versions/A/IOBluetooth
0x000000000d37d000 	/System/Library/PrivateFrameworks/CoreWiFi.framework/Versions/A/CoreWiFi
0x000000000d37d000 	/System/Library/Frameworks/CoreBluetooth.framework/Versions/A/CoreBluetooth
0x000000000d37d000 	/System/Library/PrivateFrameworks/DebugSymbols.framework/Versions/A/DebugSymbols
0x000000000d37d000 	/System/Library/PrivateFrameworks/CoreSymbolication.framework/Versions/A/CoreSymbolication
0x000000000d37d000 	/System/Library/PrivateFrameworks/Symbolication.framework/Versions/A/Symbolication
0x000000000d37d000 	/System/Library/PrivateFrameworks/SpeechRecognitionCore.framework/Versions/A/SpeechRecognitionCore
0x0000000109600000 	/Library/Java/JavaVirtualMachines/jdk1.8.0_31.jdk/Contents/Home/jre/lib/server/libjvm.dylib
0x000000000d37d000 	/usr/lib/libstdc++.6.dylib
0x0000000108da8000 	/Library/Java/JavaVirtualMachines/jdk1.8.0_31.jdk/Contents/Home/jre/lib/libverify.dylib
0x0000000108db6000 	/Library/Java/JavaVirtualMachines/jdk1.8.0_31.jdk/Contents/Home/jre/lib/libjava.dylib
0x000000010a51f000 	/Library/Java/JavaVirtualMachines/jdk1.8.0_31.jdk/Contents/Home/jre/lib/libjdwp.dylib
0x0000000108deb000 	/Library/Java/JavaVirtualMachines/jdk1.8.0_31.jdk/Contents/Home/jre/lib/libnpt.dylib
0x000000010a56a000 	/Library/Java/JavaVirtualMachines/jdk1.8.0_31.jdk/Contents/Home/jre/lib/libzip.dylib
0x000000011e07f000 	/System/Library/Frameworks/JavaVM.framework/Frameworks/JavaRuntimeSupport.framework/JavaRuntimeSupport
0x000000011e097000 	/System/Library/Frameworks/JavaVM.framework/Versions/A/Frameworks/JavaNativeFoundation.framework/Versions/A/JavaNativeFoundation
0x000000011e0ac000 	/System/Library/Frameworks/JavaVM.framework/Versions/A/JavaVM
0x000000000d37d000 	/System/Library/Frameworks/Carbon.framework/Versions/A/Carbon
0x000000011e0b9000 	/System/Library/PrivateFrameworks/JavaLaunching.framework/Versions/A/JavaLaunching
0x000000000d37d000 	/System/Library/Frameworks/Carbon.framework/Versions/A/Frameworks/CommonPanels.framework/Versions/A/CommonPanels
0x000000000d37d000 	/System/Library/Frameworks/Carbon.framework/Versions/A/Frameworks/Help.framework/Versions/A/Help
0x000000000d37d000 	/System/Library/Frameworks/Carbon.framework/Versions/A/Frameworks/ImageCapture.framework/Versions/A/ImageCapture
0x000000000d37d000 	/System/Library/Frameworks/Carbon.framework/Versions/A/Frameworks/OpenScripting.framework/Versions/A/OpenScripting
0x000000000d37d000 	/System/Library/Frameworks/Carbon.framework/Versions/A/Frameworks/Print.framework/Versions/A/Print
0x000000000d37d000 	/System/Library/Frameworks/Carbon.framework/Versions/A/Frameworks/SecurityHI.framework/Versions/A/SecurityHI
0x000000011f9c5000 	/Library/Java/JavaVirtualMachines/jdk1.8.0_31.jdk/Contents/Home/jre/lib/libdt_socket.dylib
0x0000000120332000 	/Library/Java/JavaVirtualMachines/jdk1.8.0_31.jdk/Contents/Home/jre/lib/libnet.dylib
0x0000000120391000 	/Library/Java/JavaVirtualMachines/jdk1.8.0_31.jdk/Contents/Home/jre/lib/libnio.dylib

VM Arguments:
jvm_args: -agentlib:jdwp=transport=dt_socket,address=127.0.0.1:57150,suspend=y,server=n -Dfile.encoding=UTF-8 
java_command: Main
java_class_path (initial): /Library/Java/JavaVirtualMachines/jdk1.8.0_31.jdk/Contents/Home/lib/ant-javafx.jar:/Library/Java/JavaVirtualMachines/jdk1.8.0_31.jdk/Contents/Home/lib/dt.jar:/Library/Java/JavaVirtualMachines/jdk1.8.0_31.jdk/Contents/Home/lib/javafx-mx.jar:/Library/Java/JavaVirtualMachines/jdk1.8.0_31.jdk/Contents/Home/lib/jconsole.jar:/Library/Java/JavaVirtualMachines/jdk1.8.0_31.jdk/Contents/Home/lib/sa-jdi.jar:/Library/Java/JavaVirtualMachines/jdk1.8.0_31.jdk/Contents/Home/lib/tools.jar:/Library/Java/JavaVirtualMachines/jdk1.8.0_31.jdk/Contents/Home/jre/lib/charsets.jar:/Library/Java/JavaVirtualMachines/jdk1.8.0_31.jdk/Contents/Home/jre/lib/deploy.jar:/Library/Java/JavaVirtualMachines/jdk1.8.0_31.jdk/Contents/Home/jre/lib/javaws.jar:/Library/Java/JavaVirtualMachines/jdk1.8.0_31.jdk/Contents/Home/jre/lib/jce.jar:/Library/Java/JavaVirtualMachines/jdk1.8.0_31.jdk/Contents/Home/jre/lib/jfr.jar:/Library/Java/JavaVirtualMachines/jdk1.8.0_31.jdk/Contents/Home/jre/lib/jfxswt.jar:/Library/Java/JavaVirtualMachines/jdk1.8.0_31.jdk/Contents/Home/jre/lib/jsse.jar:/Library/Java/JavaVirtualMachines/jdk1.8.0_31.jdk/Contents/Home/jre/lib/management-agent.jar:/Library/Java/JavaVirtualMachines/jdk1.8.0_31.jdk/Contents/Home/jre/lib/plugin.jar:/Library/Java/JavaVirtualMachines/jdk1.8.0_31.jdk/Contents/Home/jre/lib/resources.jar:/Library/Java/JavaVirtualMachines/jdk1.8.0_31.jdk/Contents/Home/jre/lib/rt.jar:/Library/Java/JavaVirtualMachines/jdk1.8.0_31.jdk/Contents/Home/jre/lib/ext/cldrdata.jar:/Library/Java/JavaVirtualMachines/jdk1.8.0_31.jdk/Contents/Home/jre/lib/ext/dnsns.jar:/Library/Java/JavaVirtualMachines/jdk1.8.0_31.jdk/Contents/Home/jre/lib/ext/jfxrt.jar:/Library/Java/JavaVirtualMachines/jdk1.8.0_31.jdk/Contents/Home/jre/lib/ext/localedata.jar:/Library/Java/JavaVirtualMachines/jdk1.8.0_31.jdk/Contents/Home/jre/lib/ext/nashorn.jar:/Library/Java/JavaVirtualMachines/jdk1.8.0_31.jdk/Contents/Home/jre/lib/ext/sunec.jar:/Library/Java/JavaVirtualMachines/jdk1.8.0_31.jdk/C
Launcher Type: SUN_STANDARD

Environment Variables:
PATH=/usr/local/apache-ant/bin:/opt/local/bin:/opt/local/sbin:/usr/local/bin:/usr/bin:/bin:/usr/sbin:/sbin:/opt/X11/bin:/usr/local/git/bin:/usr/texbin
SHELL=/bin/bash
DISPLAY=/private/tmp/com.apple.launchd.x8vhE0Vfs4/org.macosforge.xquartz:0

Signal Handlers:
SIGSEGV: [libjvm.dylib+0x57a0e7], sa_mask[0]=11111111011111110111111111111111, sa_flags=SA_ONSTACK|SA_RESTART|SA_SIGINFO
SIGBUS: [libjvm.dylib+0x57a0e7], sa_mask[0]=11111111011111110111111111111111, sa_flags=SA_RESTART|SA_SIGINFO
SIGFPE: [libjvm.dylib+0x45af24], sa_mask[0]=11111111011111110111111111111111, sa_flags=SA_RESTART|SA_SIGINFO
SIGPIPE: [libjvm.dylib+0x45af24], sa_mask[0]=11111111011111110111111111111111, sa_flags=SA_RESTART|SA_SIGINFO
SIGXFSZ: [libjvm.dylib+0x45af24], sa_mask[0]=11111111011111110111111111111111, sa_flags=SA_RESTART|SA_SIGINFO
SIGILL: [libjvm.dylib+0x45af24], sa_mask[0]=11111111011111110111111111111111, sa_flags=SA_RESTART|SA_SIGINFO
SIGUSR1: SIG_DFL, sa_mask[0]=00000000000000000000000000000000, sa_flags=none
SIGUSR2: [libjvm.dylib+0x45aa42], sa_mask[0]=00100000000000000000000000000000, sa_flags=SA_RESTART|SA_SIGINFO
SIGHUP: [libjvm.dylib+0x459015], sa_mask[0]=11111111011111110111111111111111, sa_flags=SA_RESTART|SA_SIGINFO
SIGINT: [libjvm.dylib+0x459015], sa_mask[0]=11111111011111110111111111111111, sa_flags=SA_RESTART|SA_SIGINFO
SIGTERM: [libjvm.dylib+0x459015], sa_mask[0]=11111111011111110111111111111111, sa_flags=SA_RESTART|SA_SIGINFO
SIGQUIT: [libjvm.dylib+0x459015], sa_mask[0]=11111111011111110111111111111111, sa_flags=SA_RESTART|SA_SIGINFO


---------------  S Y S T E M  ---------------

OS:Bsduname:Darwin 14.1.0 Darwin Kernel Version 14.1.0: Thu Feb 26 19:26:47 PST 2015; root:xnu-2782.10.73~1/RELEASE_X86_64 x86_64
rlimit: STACK 8192k, CORE 0k, NPROC 709, NOFILE 10240, AS infinity
load average:3.29 2.73 2.48

CPU:total 4 (2 cores per cpu, 2 threads per core) family 6 model 69 stepping 1, cmov, cx8, fxsr, mmx, sse, sse2, sse3, ssse3, sse4.1, sse4.2, popcnt, avx, avx2, aes, clmul, erms, lzcnt, ht, tsc, tscinvbit, bmi1, bmi2

Memory: 4k page, physical 4194304k(18016k free)

/proc/meminfo:


vm_info: Java HotSpot(TM) 64-Bit Server VM (25.31-b07) for bsd-amd64 JRE (1.8.0_31-b13), built on Dec 17 2014 20:45:36 by "java_re" with gcc 4.2.1 (Based on Apple Inc. build 5658) (LLVM build 2336.11.00)

time: Tue Apr 14 00:32:20 2015
elapsed time: 620 seconds (0d 0h 10m 20s)

