#
# A fatal error has been detected by the Java Runtime Environment:
#
#  SIGSEGV (0xb) at pc=0x00000001046cf17c, pid=6070, tid=16643
#
# JRE version: Java(TM) SE Runtime Environment (8.0_31-b13) (build 1.8.0_31-b13)
# Java VM: Java HotSpot(TM) 64-Bit Server VM (25.31-b07 mixed mode bsd-amd64 compressed oops)
# Problematic frame:
# V  [libjvm.dylib+0x42317c]
#
# Failed to write core dump. Core dumps have been disabled. To enable core dumping, try "ulimit -c unlimited" before starting Java again
#
# If you would like to submit a bug report, please visit:
#   http://bugreport.java.com/bugreport/crash.jsp
#

---------------  T H R E A D  ---------------

Current thread (0x00007fb0d3013800):  JavaThread "JDWP Transport Listener: dt_socket" daemon [_thread_in_vm, id=16643, stack(0x000000011afe8000,0x000000011b0e8000)]

siginfo: si_signo: 11 (SIGSEGV), si_code: 1 (SEGV_MAPERR), si_addr: 0x0000000000000121

Registers:
RAX=0x0000000000000001, RBX=0x000000011b0e7a8b, RCX=0x0000000104a83c70, RDX=0x000000011b0e7a8b
RSP=0x000000011b0e79d0, RBP=0x000000011b0e79e0, RSI=0x00007fb0d3013800, RDI=0x0000000000000121
R8 =0x0000000000000000, R9 =0x00007fb0d1f00000, R10=0x0000000000000010, R11=0x00007fb0d1f00000
R12=0x00007fb0d3013800, R13=0x0000000000000121, R14=0x0000000000000121, R15=0x00007fb0d1f00220
RIP=0x00000001046cf17c, EFLAGS=0x0000000000010206, ERR=0x0000000000000004
  TRAPNO=0x000000000000000e

Top of Stack: (sp=0x000000011b0e79d0)
0x000000011b0e79d0:   000000011b0e7a8b 000000011b0e7a8b
0x000000011b0e79e0:   000000011b0e7a40 00000001045e119e
0x000000011b0e79f0:   00007fb0d3013800 0000000000000000
0x000000011b0e7a00:   0000000000000000 0000000000000000
0x000000011b0e7a10:   00007fb0d3013800 00007fb0d3013800
0x000000011b0e7a20:   000000011b0e7a8b 000000011b0e7a90
0x000000011b0e7a30:   0000000000000121 0000000000000011
0x000000011b0e7a40:   000000011b0e7a60 00000001053487dc
0x000000011b0e7a50:   0000000000000001 000000011b0e7b08
0x000000011b0e7a60:   000000011b0e7ad0 000000010532d263
0x000000011b0e7a70:   000000011b0e7aa0 00007fb0d1f2f8c0
0x000000011b0e7a80:   0000001300000032 00000008000e7b08
0x000000011b0e7a90:   0000000000000000 0000000000000000
0x000000011b0e7aa0:   0000000000000000 000000011b0e7c90
0x000000011b0e7ab0:   000000010534feca 00007fb0d1c0c640
0x000000011b0e7ac0:   000000011b0e7b08 000000010535b588
0x000000011b0e7ad0:   000000011b0e7ae0 000000010532d35c
0x000000011b0e7ae0:   000000011b0e7d00 00000001053368f6
0x000000011b0e7af0:   0000070900000013 00000000000f0200
0x000000011b0e7b00:   00007fb0d1c1ff00 00007fb0d1f301e7
0x000000011b0e7b10:   00007fb000000001 00007fb0d1f2ea70
0x000000011b0e7b20:   00007fb00000012c 000000011b0e7b58
0x000000011b0e7b30:   00007fb0d1f2ea70 00007f0000000000
0x000000011b0e7b40:   000007090000000f 00007fff00005f80
0x000000011b0e7b50:   000000011b0e7b58 b07f000013000000
0x000000011b0e7b60:   0b000000b0f3f2d1 736552746e697270
0x000000011b0e7b70:   2819000000746c75 74752f6176616a4c
0x000000011b0e7b80:   656b6e694c2f6c69 56293b7473694c64
0x000000011b0e7b90:   616a4c2821000000 2f6c6974752f6176
0x000000011b0e7ba0:   694c64656b6e694c 65646f4e4c3c7473
0x000000011b0e7bb0:   00000056293b3e3b 59c1d1b07f00000a
0x000000011b0e7bc0:   69616d0400000080 4c5b28160000006e 

Instructions: (pc=0x00000001046cf17c)
0x00000001046cf15c:   40 48 48 85 c0 75 e0 30 c0 0f b6 c0 5d c3 31 c0
0x00000001046cf16c:   5d c3 55 48 89 e5 53 48 83 ec 08 48 85 ff 74 24
0x00000001046cf17c:   48 8b 1f 48 85 db 74 1c 48 83 fb 37 74 16 48 8b
0x00000001046cf18c:   03 48 89 df ff 50 10 84 c0 b8 00 00 00 00 48 0f 

Register to memory mapping:

RAX=0x0000000000000001 is an unknown value
RBX=0x000000011b0e7a8b is pointing into the stack for thread: 0x00007fb0d3013800
RCX=0x0000000104a83c70: UseMembar+0 in /Library/Java/JavaVirtualMachines/jdk1.8.0_31.jdk/Contents/Home/jre/lib/server/libjvm.dylib at 0x00000001042ac000
RDX=0x000000011b0e7a8b is pointing into the stack for thread: 0x00007fb0d3013800
RSP=0x000000011b0e79d0 is pointing into the stack for thread: 0x00007fb0d3013800
RBP=0x000000011b0e79e0 is pointing into the stack for thread: 0x00007fb0d3013800
RSI=0x00007fb0d3013800 is a thread
RDI=0x0000000000000121 is an unknown value
R8 =0x0000000000000000 is an unknown value
R9 =0x00007fb0d1f00000 is an unknown value
R10=0x0000000000000010 is an unknown value
R11=0x00007fb0d1f00000 is an unknown value
R12=0x00007fb0d3013800 is a thread
R13=0x0000000000000121 is an unknown value
R14=0x0000000000000121 is an unknown value
R15=0x00007fb0d1f00220 is an unknown value


Stack: [0x000000011afe8000,0x000000011b0e8000],  sp=0x000000011b0e79d0,  free space=1022k
Native frames: (J=compiled Java code, j=interpreted, Vv=VM code, C=native code)
V  [libjvm.dylib+0x42317c]
V  [libjvm.dylib+0x33519e]
C  [libjdwp.dylib+0x207dc]  isMethodSynthetic+0x63
C  [libjdwp.dylib+0x5263]  methods1+0x10b
C  [libjdwp.dylib+0x535c]  methodsWithGeneric+0xe
C  [libjdwp.dylib+0xe8f6]  debugLoop_run+0x1ce
C  [libjdwp.dylib+0x1f716]  attachThread+0x4d
V  [libjvm.dylib+0x3761fe]
V  [libjvm.dylib+0x5360cf]
V  [libjvm.dylib+0x53780c]
V  [libjvm.dylib+0x45d772]
C  [libsystem_pthread.dylib+0x3268]  _pthread_body+0x83
C  [libsystem_pthread.dylib+0x31e5]  _pthread_body+0x0
C  [libsystem_pthread.dylib+0x141d]  thread_start+0xd
C  0x0000000000000000


---------------  P R O C E S S  ---------------

Java Threads: ( => current thread )
  0x00007fb0d280b000 JavaThread "Service Thread" daemon [_thread_blocked, id=19715, stack(0x000000011b5fa000,0x000000011b6fa000)]
  0x00007fb0d3836800 JavaThread "C1 CompilerThread2" daemon [_thread_blocked, id=19203, stack(0x000000011b4f7000,0x000000011b5f7000)]
  0x00007fb0d201f000 JavaThread "C2 CompilerThread1" daemon [_thread_blocked, id=18691, stack(0x000000011b3f4000,0x000000011b4f4000)]
  0x00007fb0d382a800 JavaThread "C2 CompilerThread0" daemon [_thread_blocked, id=18179, stack(0x000000011b2f1000,0x000000011b3f1000)]
  0x00007fb0d2011000 JavaThread "JDWP Command Reader" daemon [_thread_in_native, id=17667, stack(0x000000011b1ee000,0x000000011b2ee000)]
  0x00007fb0d382b800 JavaThread "JDWP Event Helper Thread" daemon [_thread_blocked, id=17155, stack(0x000000011b0eb000,0x000000011b1eb000)]
=>0x00007fb0d3013800 JavaThread "JDWP Transport Listener: dt_socket" daemon [_thread_in_vm, id=16643, stack(0x000000011afe8000,0x000000011b0e8000)]
  0x00007fb0d3822800 JavaThread "Signal Dispatcher" daemon [_thread_blocked, id=13335, stack(0x000000011aede000,0x000000011afde000)]
  0x00007fb0d3815800 JavaThread "Finalizer" daemon [_thread_blocked, id=11523, stack(0x00000001195ae000,0x00000001196ae000)]
  0x00007fb0d3814800 JavaThread "Reference Handler" daemon [_thread_blocked, id=11011, stack(0x00000001194ab000,0x00000001195ab000)]
  0x00007fb0d3002800 JavaThread "main" [_thread_blocked, id=3331, stack(0x00000001051cc000,0x00000001052cc000)]

Other Threads:
  0x00007fb0d200d800 VMThread [stack: 0x00000001193a8000,0x00000001194a8000] [id=10499]
  0x00007fb0d2849800 WatcherThread [stack: 0x000000011b6fd000,0x000000011b7fd000] [id=20227]

VM state:not at safepoint (normal execution)

VM Mutex/Monitor currently owned by a thread: None

Heap:
 PSYoungGen      total 18944K, used 2638K [0x00000007aab00000, 0x00000007ac000000, 0x00000007c0000000)
  eden space 16384K, 16% used [0x00000007aab00000,0x00000007aad93818,0x00000007abb00000)
  from space 2560K, 0% used [0x00000007abd80000,0x00000007abd80000,0x00000007ac000000)
  to   space 2560K, 0% used [0x00000007abb00000,0x00000007abb00000,0x00000007abd80000)
 ParOldGen       total 44032K, used 0K [0x0000000780000000, 0x0000000782b00000, 0x00000007aab00000)
  object space 44032K, 0% used [0x0000000780000000,0x0000000780000000,0x0000000782b00000)
 Metaspace       used 3960K, capacity 4896K, committed 5120K, reserved 1056768K
  class space    used 422K, capacity 464K, committed 512K, reserved 1048576K

Card table byte_map: [0x0000000114fc0000,0x00000001151c1000] byte_map_base: 0x00000001113c0000

Marking Bits: (ParMarkBitMap*) 0x0000000104b4a410
 Begin Bits: [0x0000000115723000, 0x0000000116723000)
 End Bits:   [0x0000000116723000, 0x0000000117723000)

Polling page: 0x0000000105310000

CodeCache: size=245760Kb used=1295Kb max_used=1295Kb free=244464Kb
 bounds [0x0000000105c00000, 0x0000000105e70000, 0x0000000114c00000]
 total_blobs=365 nmethods=115 adapters=173
 compilation: enabled

Compilation events (10 events):
Event: 0.532 Thread 0x00007fb0d3836800  109       3       java.util.concurrent.ConcurrentHashMap::setTabAt (19 bytes)
Event: 0.533 Thread 0x00007fb0d3836800 nmethod 109 0x0000000105d3ffd0 code [0x0000000105d40120, 0x0000000105d40290]
Event: 0.533 Thread 0x00007fb0d3836800  111       3       java.util.AbstractCollection::<init> (5 bytes)
Event: 0.533 Thread 0x00007fb0d3836800 nmethod 111 0x0000000105d406d0 code [0x0000000105d40840, 0x0000000105d409f0]
Event: 0.533 Thread 0x00007fb0d3836800  113       3       java.util.ArrayList::get (11 bytes)
Event: 0.533 Thread 0x00007fb0d3836800 nmethod 113 0x0000000105d40a90 code [0x0000000105d40c40, 0x0000000105d40f98]
Event: 0.533 Thread 0x00007fb0d3836800  114       3       java.util.ArrayList::rangeCheck (22 bytes)
Event: 0.534 Thread 0x00007fb0d3836800 nmethod 114 0x0000000105d41410 code [0x0000000105d41620, 0x0000000105d420b8]
Event: 0.534 Thread 0x00007fb0d3836800  115   !   3       sun.misc.URLClassPath$JarLoader::getResource (85 bytes)
Event: 0.536 Thread 0x00007fb0d3836800 nmethod 115 0x0000000105d42690 code [0x0000000105d42920, 0x0000000105d43868]

GC Heap History (0 events):
No events

Deoptimization events (0 events):
No events

Internal exceptions (10 events):
Event: 0.432 Thread 0x00007fb0d3002800 Exception <a 'java/security/PrivilegedActionException'> (0x00000007aacf0fe0) thrown at [/Users/java_re/workspace/8-2-build-macosx-x86_64/jdk8u31/2394/hotspot/src/share/vm/prims/jvm.cpp, line 1312]
Event: 0.433 Thread 0x00007fb0d3002800 Exception <a 'java/security/PrivilegedActionException'> (0x00000007aacf1350) thrown at [/Users/java_re/workspace/8-2-build-macosx-x86_64/jdk8u31/2394/hotspot/src/share/vm/prims/jvm.cpp, line 1312]
Event: 0.470 Thread 0x00007fb0d3002800 Exception <a 'java/security/PrivilegedActionException'> (0x00000007aad1e1e0) thrown at [/Users/java_re/workspace/8-2-build-macosx-x86_64/jdk8u31/2394/hotspot/src/share/vm/prims/jvm.cpp, line 1312]
Event: 0.503 Thread 0x00007fb0d3002800 Exception <a 'java/security/PrivilegedActionException'> (0x00000007aad47a48) thrown at [/Users/java_re/workspace/8-2-build-macosx-x86_64/jdk8u31/2394/hotspot/src/share/vm/prims/jvm.cpp, line 1312]
Event: 0.503 Thread 0x00007fb0d3002800 Exception <a 'java/security/PrivilegedActionException'> (0x00000007aad47d90) thrown at [/Users/java_re/workspace/8-2-build-macosx-x86_64/jdk8u31/2394/hotspot/src/share/vm/prims/jvm.cpp, line 1312]
Event: 0.504 Thread 0x00007fb0d3002800 Exception <a 'java/security/PrivilegedActionException'> (0x00000007aad4b110) thrown at [/Users/java_re/workspace/8-2-build-macosx-x86_64/jdk8u31/2394/hotspot/src/share/vm/prims/jvm.cpp, line 1312]
Event: 0.504 Thread 0x00007fb0d3002800 Exception <a 'java/security/PrivilegedActionException'> (0x00000007aad4b458) thrown at [/Users/java_re/workspace/8-2-build-macosx-x86_64/jdk8u31/2394/hotspot/src/share/vm/prims/jvm.cpp, line 1312]
Event: 0.519 Thread 0x00007fb0d3002800 Exception <a 'java/security/PrivilegedActionException'> (0x00000007aad62d88) thrown at [/Users/java_re/workspace/8-2-build-macosx-x86_64/jdk8u31/2394/hotspot/src/share/vm/prims/jvm.cpp, line 1312]
Event: 0.520 Thread 0x00007fb0d3002800 Exception <a 'java/security/PrivilegedActionException'> (0x00000007aad689d0) thrown at [/Users/java_re/workspace/8-2-build-macosx-x86_64/jdk8u31/2394/hotspot/src/share/vm/prims/jvm.cpp, line 1312]
Event: 0.533 Thread 0x00007fb0d3002800 Exception <a 'java/security/PrivilegedActionException'> (0x00000007aad74330) thrown at [/Users/java_re/workspace/8-2-build-macosx-x86_64/jdk8u31/2394/hotspot/src/share/vm/prims/jvm.cpp, line 1312]

Events (10 events):
Event: 1665.518 Executing VM operation: RedefineClasses
Event: 1665.519 Executing VM operation: RedefineClasses done
Event: 1825.245 Executing VM operation: RedefineClasses
Event: 1825.246 Executing VM operation: RedefineClasses done
Event: 1877.927 Executing VM operation: RedefineClasses
Event: 1877.928 Executing VM operation: RedefineClasses done
Event: 1911.372 Executing VM operation: RedefineClasses
Event: 1911.373 Executing VM operation: RedefineClasses done
Event: 4331.121 Executing VM operation: RedefineClasses
Event: 4331.127 Executing VM operation: RedefineClasses done


Dynamic libraries:
0x000000000d37d000 	/System/Library/Frameworks/Cocoa.framework/Versions/A/Cocoa
0x000000000d37d000 	/System/Library/Frameworks/Security.framework/Versions/A/Security
0x000000000d37d000 	/System/Library/Frameworks/ApplicationServices.framework/Versions/A/ApplicationServices
0x000000000d37d000 	/usr/lib/libz.1.dylib
0x000000000d37d000 	/usr/lib/libSystem.B.dylib
0x000000000d37d000 	/usr/lib/libobjc.A.dylib
0x000000000d37d000 	/System/Library/Frameworks/CoreFoundation.framework/Versions/A/CoreFoundation
0x000000000d37d000 	/System/Library/Frameworks/Foundation.framework/Versions/C/Foundation
0x000000000d37d000 	/System/Library/Frameworks/AppKit.framework/Versions/C/AppKit
0x000000000d37d000 	/System/Library/Frameworks/CoreData.framework/Versions/A/CoreData
0x000000000d37d000 	/System/Library/PrivateFrameworks/RemoteViewServices.framework/Versions/A/RemoteViewServices
0x000000000d37d000 	/System/Library/PrivateFrameworks/UIFoundation.framework/Versions/A/UIFoundation
0x000000000d37d000 	/System/Library/Frameworks/IOSurface.framework/Versions/A/IOSurface
0x000000000d37d000 	/System/Library/Frameworks/AudioToolbox.framework/Versions/A/AudioToolbox
0x000000000d37d000 	/System/Library/Frameworks/AudioUnit.framework/Versions/A/AudioUnit
0x000000000d37d000 	/System/Library/PrivateFrameworks/DataDetectorsCore.framework/Versions/A/DataDetectorsCore
0x000000000d37d000 	/System/Library/PrivateFrameworks/DesktopServicesPriv.framework/Versions/A/DesktopServicesPriv
0x000000000d37d000 	/System/Library/Frameworks/Carbon.framework/Versions/A/Frameworks/HIToolbox.framework/Versions/A/HIToolbox
0x000000000d37d000 	/System/Library/Frameworks/QuartzCore.framework/Versions/A/QuartzCore
0x000000000d37d000 	/System/Library/Frameworks/Carbon.framework/Versions/A/Frameworks/SpeechRecognition.framework/Versions/A/SpeechRecognition
0x000000000d37d000 	/usr/lib/libauto.dylib
0x000000000d37d000 	/usr/lib/libicucore.A.dylib
0x000000000d37d000 	/usr/lib/libxml2.2.dylib
0x000000000d37d000 	/System/Library/PrivateFrameworks/CoreUI.framework/Versions/A/CoreUI
0x000000000d37d000 	/System/Library/Frameworks/CoreAudio.framework/Versions/A/CoreAudio
0x000000000d37d000 	/System/Library/Frameworks/DiskArbitration.framework/Versions/A/DiskArbitration
0x000000000d37d000 	/usr/lib/liblangid.dylib
0x000000000d37d000 	/System/Library/PrivateFrameworks/MultitouchSupport.framework/Versions/A/MultitouchSupport
0x000000000d37d000 	/System/Library/Frameworks/IOKit.framework/Versions/A/IOKit
0x000000000d37d000 	/usr/lib/libDiagnosticMessagesClient.dylib
0x000000000d37d000 	/System/Library/Frameworks/CoreServices.framework/Versions/A/CoreServices
0x000000000d37d000 	/System/Library/PrivateFrameworks/PerformanceAnalysis.framework/Versions/A/PerformanceAnalysis
0x000000000d37d000 	/System/Library/PrivateFrameworks/GenerationalStorage.framework/Versions/A/GenerationalStorage
0x000000000d37d000 	/System/Library/Frameworks/OpenGL.framework/Versions/A/OpenGL
0x000000000d37d000 	/System/Library/PrivateFrameworks/Sharing.framework/Versions/A/Sharing
0x000000000d37d000 	/System/Library/Frameworks/CoreGraphics.framework/Versions/A/CoreGraphics
0x000000000d37d000 	/System/Library/Frameworks/CoreText.framework/Versions/A/CoreText
0x000000000d37d000 	/System/Library/Frameworks/ImageIO.framework/Versions/A/ImageIO
0x000000000d37d000 	/usr/lib/libextension.dylib
0x000000000d37d000 	/System/Library/PrivateFrameworks/Backup.framework/Versions/A/Backup
0x000000000d37d000 	/usr/lib/libarchive.2.dylib
0x000000000d37d000 	/System/Library/Frameworks/CFNetwork.framework/Versions/A/CFNetwork
0x000000000d37d000 	/System/Library/Frameworks/SystemConfiguration.framework/Versions/A/SystemConfiguration
0x000000000d37d000 	/usr/lib/libCRFSuite.dylib
0x000000000d37d000 	/usr/lib/libc++.1.dylib
0x000000000d37d000 	/usr/lib/libc++abi.dylib
0x000000000d37d000 	/usr/lib/system/libcache.dylib
0x000000000d37d000 	/usr/lib/system/libcommonCrypto.dylib
0x000000000d37d000 	/usr/lib/system/libcompiler_rt.dylib
0x000000000d37d000 	/usr/lib/system/libcopyfile.dylib
0x000000000d37d000 	/usr/lib/system/libcorecrypto.dylib
0x000000000d37d000 	/usr/lib/system/libdispatch.dylib
0x000000000d37d000 	/usr/lib/system/libdyld.dylib
0x000000000d37d000 	/usr/lib/system/libkeymgr.dylib
0x000000000d37d000 	/usr/lib/system/liblaunch.dylib
0x000000000d37d000 	/usr/lib/system/libmacho.dylib
0x000000000d37d000 	/usr/lib/system/libquarantine.dylib
0x000000000d37d000 	/usr/lib/system/libremovefile.dylib
0x000000000d37d000 	/usr/lib/system/libsystem_asl.dylib
0x000000000d37d000 	/usr/lib/system/libsystem_blocks.dylib
0x000000000d37d000 	/usr/lib/system/libsystem_c.dylib
0x000000000d37d000 	/usr/lib/system/libsystem_configuration.dylib
0x000000000d37d000 	/usr/lib/system/libsystem_coreservices.dylib
0x000000000d37d000 	/usr/lib/system/libsystem_coretls.dylib
0x000000000d37d000 	/usr/lib/system/libsystem_dnssd.dylib
0x000000000d37d000 	/usr/lib/system/libsystem_info.dylib
0x000000000d37d000 	/usr/lib/system/libsystem_kernel.dylib
0x000000000d37d000 	/usr/lib/system/libsystem_m.dylib
0x000000000d37d000 	/usr/lib/system/libsystem_malloc.dylib
0x000000000d37d000 	/usr/lib/system/libsystem_network.dylib
0x000000000d37d000 	/usr/lib/system/libsystem_networkextension.dylib
0x000000000d37d000 	/usr/lib/system/libsystem_notify.dylib
0x000000000d37d000 	/usr/lib/system/libsystem_platform.dylib
0x000000000d37d000 	/usr/lib/system/libsystem_pthread.dylib
0x000000000d37d000 	/usr/lib/system/libsystem_sandbox.dylib
0x000000000d37d000 	/usr/lib/system/libsystem_secinit.dylib
0x000000000d37d000 	/usr/lib/system/libsystem_stats.dylib
0x000000000d37d000 	/usr/lib/system/libsystem_trace.dylib
0x000000000d37d000 	/usr/lib/system/libunc.dylib
0x000000000d37d000 	/usr/lib/system/libunwind.dylib
0x000000000d37d000 	/usr/lib/system/libxpc.dylib
0x000000000d37d000 	/usr/lib/libbz2.1.0.dylib
0x000000000d37d000 	/usr/lib/liblzma.5.dylib
0x000000000d37d000 	/usr/lib/libbsm.0.dylib
0x000000000d37d000 	/usr/lib/libsqlite3.dylib
0x000000000d37d000 	/usr/lib/system/libkxld.dylib
0x000000000d37d000 	/usr/lib/libxar.1.dylib
0x000000000d37d000 	/usr/lib/libpam.2.dylib
0x000000000d37d000 	/usr/lib/libOpenScriptingUtil.dylib
0x000000000d37d000 	/System/Library/Frameworks/CoreServices.framework/Versions/A/Frameworks/FSEvents.framework/Versions/A/FSEvents
0x000000000d37d000 	/System/Library/Frameworks/CoreServices.framework/Versions/A/Frameworks/CarbonCore.framework/Versions/A/CarbonCore
0x000000000d37d000 	/System/Library/Frameworks/CoreServices.framework/Versions/A/Frameworks/Metadata.framework/Versions/A/Metadata
0x000000000d37d000 	/System/Library/Frameworks/CoreServices.framework/Versions/A/Frameworks/OSServices.framework/Versions/A/OSServices
0x000000000d37d000 	/System/Library/Frameworks/CoreServices.framework/Versions/A/Frameworks/SearchKit.framework/Versions/A/SearchKit
0x000000000d37d000 	/System/Library/Frameworks/CoreServices.framework/Versions/A/Frameworks/AE.framework/Versions/A/AE
0x000000000d37d000 	/System/Library/Frameworks/CoreServices.framework/Versions/A/Frameworks/LaunchServices.framework/Versions/A/LaunchServices
0x000000000d37d000 	/System/Library/Frameworks/CoreServices.framework/Versions/A/Frameworks/DictionaryServices.framework/Versions/A/DictionaryServices
0x000000000d37d000 	/System/Library/Frameworks/NetFS.framework/Versions/A/NetFS
0x000000000d37d000 	/System/Library/PrivateFrameworks/NetAuth.framework/Versions/A/NetAuth
0x000000000d37d000 	/System/Library/PrivateFrameworks/login.framework/Versions/A/Frameworks/loginsupport.framework/Versions/A/loginsupport
0x000000000d37d000 	/System/Library/PrivateFrameworks/TCC.framework/Versions/A/TCC
0x000000000d37d000 	/usr/lib/libmecabra.dylib
0x000000000d37d000 	/System/Library/Frameworks/ApplicationServices.framework/Versions/A/Frameworks/ATS.framework/Versions/A/ATS
0x000000000d37d000 	/System/Library/Frameworks/ApplicationServices.framework/Versions/A/Frameworks/ColorSync.framework/Versions/A/ColorSync
0x000000000d37d000 	/System/Library/Frameworks/ApplicationServices.framework/Versions/A/Frameworks/HIServices.framework/Versions/A/HIServices
0x000000000d37d000 	/System/Library/Frameworks/ApplicationServices.framework/Versions/A/Frameworks/LangAnalysis.framework/Versions/A/LangAnalysis
0x000000000d37d000 	/System/Library/Frameworks/ApplicationServices.framework/Versions/A/Frameworks/PrintCore.framework/Versions/A/PrintCore
0x000000000d37d000 	/System/Library/Frameworks/ApplicationServices.framework/Versions/A/Frameworks/QD.framework/Versions/A/QD
0x000000000d37d000 	/System/Library/Frameworks/ApplicationServices.framework/Versions/A/Frameworks/SpeechSynthesis.framework/Versions/A/SpeechSynthesis
0x000000000d37d000 	/System/Library/Frameworks/Accelerate.framework/Versions/A/Accelerate
0x000000000d37d000 	/System/Library/Frameworks/Accelerate.framework/Versions/A/Frameworks/vImage.framework/Versions/A/vImage
0x000000000d37d000 	/System/Library/Frameworks/Accelerate.framework/Versions/A/Frameworks/vecLib.framework/Versions/A/vecLib
0x000000000d37d000 	/System/Library/Frameworks/Accelerate.framework/Versions/A/Frameworks/vecLib.framework/Versions/A/libvDSP.dylib
0x000000000d37d000 	/System/Library/Frameworks/Accelerate.framework/Versions/A/Frameworks/vecLib.framework/Versions/A/libvMisc.dylib
0x000000000d37d000 	/System/Library/Frameworks/Accelerate.framework/Versions/A/Frameworks/vecLib.framework/Versions/A/libLAPACK.dylib
0x000000000d37d000 	/System/Library/Frameworks/Accelerate.framework/Versions/A/Frameworks/vecLib.framework/Versions/A/libBLAS.dylib
0x000000000d37d000 	/System/Library/Frameworks/Accelerate.framework/Versions/A/Frameworks/vecLib.framework/Versions/A/libLinearAlgebra.dylib
0x000000000d37d000 	/System/Library/Frameworks/ApplicationServices.framework/Versions/A/Frameworks/ATS.framework/Versions/A/Resources/libFontParser.dylib
0x000000000d37d000 	/System/Library/Frameworks/ApplicationServices.framework/Versions/A/Frameworks/ATS.framework/Versions/A/Resources/libFontRegistry.dylib
0x000000000d37d000 	/System/Library/PrivateFrameworks/AppleVPA.framework/Versions/A/AppleVPA
0x000000000d37d000 	/System/Library/PrivateFrameworks/AppleJPEG.framework/Versions/A/AppleJPEG
0x000000000d37d000 	/System/Library/Frameworks/ImageIO.framework/Versions/A/Resources/libJPEG.dylib
0x000000000d37d000 	/System/Library/Frameworks/ImageIO.framework/Versions/A/Resources/libTIFF.dylib
0x000000000d37d000 	/System/Library/Frameworks/ImageIO.framework/Versions/A/Resources/libPng.dylib
0x000000000d37d000 	/System/Library/Frameworks/ImageIO.framework/Versions/A/Resources/libGIF.dylib
0x000000000d37d000 	/System/Library/Frameworks/ImageIO.framework/Versions/A/Resources/libJP2.dylib
0x000000000d37d000 	/System/Library/Frameworks/ImageIO.framework/Versions/A/Resources/libRadiance.dylib
0x000000000d37d000 	/System/Library/Frameworks/CoreVideo.framework/Versions/A/CoreVideo
0x000000000d37d000 	/System/Library/Frameworks/OpenGL.framework/Versions/A/Libraries/libGLU.dylib
0x000000000d37d000 	/System/Library/Frameworks/OpenGL.framework/Versions/A/Libraries/libGFXShared.dylib
0x000000000d37d000 	/System/Library/Frameworks/OpenGL.framework/Versions/A/Libraries/libGL.dylib
0x000000000d37d000 	/System/Library/Frameworks/OpenGL.framework/Versions/A/Libraries/libGLImage.dylib
0x000000000d37d000 	/System/Library/Frameworks/OpenGL.framework/Versions/A/Libraries/libCVMSPluginSupport.dylib
0x000000000d37d000 	/System/Library/Frameworks/OpenGL.framework/Versions/A/Libraries/libCoreVMClient.dylib
0x000000000d37d000 	/usr/lib/libcups.2.dylib
0x000000000d37d000 	/System/Library/Frameworks/Kerberos.framework/Versions/A/Kerberos
0x000000000d37d000 	/System/Library/Frameworks/GSS.framework/Versions/A/GSS
0x000000000d37d000 	/usr/lib/libresolv.9.dylib
0x000000000d37d000 	/usr/lib/libiconv.2.dylib
0x000000000d37d000 	/System/Library/PrivateFrameworks/Heimdal.framework/Versions/A/Heimdal
0x000000000d37d000 	/usr/lib/libheimdal-asn1.dylib
0x000000000d37d000 	/System/Library/Frameworks/OpenDirectory.framework/Versions/A/OpenDirectory
0x000000000d37d000 	/System/Library/PrivateFrameworks/CommonAuth.framework/Versions/A/CommonAuth
0x000000000d37d000 	/System/Library/Frameworks/OpenDirectory.framework/Versions/A/Frameworks/CFOpenDirectory.framework/Versions/A/CFOpenDirectory
0x000000000d37d000 	/System/Library/Frameworks/SecurityFoundation.framework/Versions/A/SecurityFoundation
0x000000000d37d000 	/System/Library/PrivateFrameworks/LanguageModeling.framework/Versions/A/LanguageModeling
0x000000000d37d000 	/usr/lib/libcmph.dylib
0x000000000d37d000 	/System/Library/Frameworks/ServiceManagement.framework/Versions/A/ServiceManagement
0x000000000d37d000 	/usr/lib/libxslt.1.dylib
0x000000000d37d000 	/System/Library/Frameworks/Carbon.framework/Versions/A/Frameworks/Ink.framework/Versions/A/Ink
0x000000000d37d000 	/System/Library/Frameworks/QuartzCore.framework/Versions/A/Frameworks/CoreImage.framework/Versions/A/CoreImage
0x000000000d37d000 	/System/Library/PrivateFrameworks/CrashReporterSupport.framework/Versions/A/CrashReporterSupport
0x000000000d37d000 	/System/Library/Frameworks/OpenCL.framework/Versions/A/OpenCL
0x000000000d37d000 	/System/Library/PrivateFrameworks/FaceCore.framework/Versions/A/FaceCore
0x000000000d37d000 	/System/Library/PrivateFrameworks/Ubiquity.framework/Versions/A/Ubiquity
0x000000000d37d000 	/System/Library/PrivateFrameworks/IconServices.framework/Versions/A/IconServices
0x000000000d37d000 	/System/Library/PrivateFrameworks/ChunkingLibrary.framework/Versions/A/ChunkingLibrary
0x000000000d37d000 	/System/Library/PrivateFrameworks/Apple80211.framework/Versions/A/Apple80211
0x000000000d37d000 	/System/Library/Frameworks/CoreWLAN.framework/Versions/A/CoreWLAN
0x000000000d37d000 	/System/Library/Frameworks/IOBluetooth.framework/Versions/A/IOBluetooth
0x000000000d37d000 	/System/Library/PrivateFrameworks/CoreWiFi.framework/Versions/A/CoreWiFi
0x000000000d37d000 	/System/Library/Frameworks/CoreBluetooth.framework/Versions/A/CoreBluetooth
0x000000000d37d000 	/System/Library/PrivateFrameworks/DebugSymbols.framework/Versions/A/DebugSymbols
0x000000000d37d000 	/System/Library/PrivateFrameworks/CoreSymbolication.framework/Versions/A/CoreSymbolication
0x000000000d37d000 	/System/Library/PrivateFrameworks/Symbolication.framework/Versions/A/Symbolication
0x000000000d37d000 	/System/Library/PrivateFrameworks/SpeechRecognitionCore.framework/Versions/A/SpeechRecognitionCore
0x00000001042ac000 	/Library/Java/JavaVirtualMachines/jdk1.8.0_31.jdk/Contents/Home/jre/lib/server/libjvm.dylib
0x000000000d37d000 	/usr/lib/libstdc++.6.dylib
0x00000001052ce000 	/Library/Java/JavaVirtualMachines/jdk1.8.0_31.jdk/Contents/Home/jre/lib/libverify.dylib
0x00000001052dc000 	/Library/Java/JavaVirtualMachines/jdk1.8.0_31.jdk/Contents/Home/jre/lib/libjava.dylib
0x0000000105328000 	/Library/Java/JavaVirtualMachines/jdk1.8.0_31.jdk/Contents/Home/jre/lib/libjdwp.dylib
0x0000000105373000 	/Library/Java/JavaVirtualMachines/jdk1.8.0_31.jdk/Contents/Home/jre/lib/libnpt.dylib
0x0000000105380000 	/Library/Java/JavaVirtualMachines/jdk1.8.0_31.jdk/Contents/Home/jre/lib/libzip.dylib
0x00000001053e6000 	/System/Library/Frameworks/JavaVM.framework/Frameworks/JavaRuntimeSupport.framework/JavaRuntimeSupport
0x00000001196b0000 	/System/Library/Frameworks/JavaVM.framework/Versions/A/Frameworks/JavaNativeFoundation.framework/Versions/A/JavaNativeFoundation
0x00000001196c5000 	/System/Library/Frameworks/JavaVM.framework/Versions/A/JavaVM
0x000000000d37d000 	/System/Library/Frameworks/Carbon.framework/Versions/A/Carbon
0x00000001196d2000 	/System/Library/PrivateFrameworks/JavaLaunching.framework/Versions/A/JavaLaunching
0x000000000d37d000 	/System/Library/Frameworks/Carbon.framework/Versions/A/Frameworks/CommonPanels.framework/Versions/A/CommonPanels
0x000000000d37d000 	/System/Library/Frameworks/Carbon.framework/Versions/A/Frameworks/Help.framework/Versions/A/Help
0x000000000d37d000 	/System/Library/Frameworks/Carbon.framework/Versions/A/Frameworks/ImageCapture.framework/Versions/A/ImageCapture
0x000000000d37d000 	/System/Library/Frameworks/Carbon.framework/Versions/A/Frameworks/OpenScripting.framework/Versions/A/OpenScripting
0x000000000d37d000 	/System/Library/Frameworks/Carbon.framework/Versions/A/Frameworks/Print.framework/Versions/A/Print
0x000000000d37d000 	/System/Library/Frameworks/Carbon.framework/Versions/A/Frameworks/SecurityHI.framework/Versions/A/SecurityHI
0x000000011afe0000 	/Library/Java/JavaVirtualMachines/jdk1.8.0_31.jdk/Contents/Home/jre/lib/libdt_socket.dylib
0x000000011b950000 	/Library/Java/JavaVirtualMachines/jdk1.8.0_31.jdk/Contents/Home/jre/lib/libnet.dylib
0x000000011b9af000 	/Library/Java/JavaVirtualMachines/jdk1.8.0_31.jdk/Contents/Home/jre/lib/libnio.dylib

VM Arguments:
jvm_args: -agentlib:jdwp=transport=dt_socket,address=127.0.0.1:64301,suspend=y,server=n -Dfile.encoding=UTF-8 
java_command: Main
java_class_path (initial): /Library/Java/JavaVirtualMachines/jdk1.8.0_31.jdk/Contents/Home/lib/ant-javafx.jar:/Library/Java/JavaVirtualMachines/jdk1.8.0_31.jdk/Contents/Home/lib/dt.jar:/Library/Java/JavaVirtualMachines/jdk1.8.0_31.jdk/Contents/Home/lib/javafx-mx.jar:/Library/Java/JavaVirtualMachines/jdk1.8.0_31.jdk/Contents/Home/lib/jconsole.jar:/Library/Java/JavaVirtualMachines/jdk1.8.0_31.jdk/Contents/Home/lib/sa-jdi.jar:/Library/Java/JavaVirtualMachines/jdk1.8.0_31.jdk/Contents/Home/lib/tools.jar:/Library/Java/JavaVirtualMachines/jdk1.8.0_31.jdk/Contents/Home/jre/lib/charsets.jar:/Library/Java/JavaVirtualMachines/jdk1.8.0_31.jdk/Contents/Home/jre/lib/deploy.jar:/Library/Java/JavaVirtualMachines/jdk1.8.0_31.jdk/Contents/Home/jre/lib/javaws.jar:/Library/Java/JavaVirtualMachines/jdk1.8.0_31.jdk/Contents/Home/jre/lib/jce.jar:/Library/Java/JavaVirtualMachines/jdk1.8.0_31.jdk/Contents/Home/jre/lib/jfr.jar:/Library/Java/JavaVirtualMachines/jdk1.8.0_31.jdk/Contents/Home/jre/lib/jfxswt.jar:/Library/Java/JavaVirtualMachines/jdk1.8.0_31.jdk/Contents/Home/jre/lib/jsse.jar:/Library/Java/JavaVirtualMachines/jdk1.8.0_31.jdk/Contents/Home/jre/lib/management-agent.jar:/Library/Java/JavaVirtualMachines/jdk1.8.0_31.jdk/Contents/Home/jre/lib/plugin.jar:/Library/Java/JavaVirtualMachines/jdk1.8.0_31.jdk/Contents/Home/jre/lib/resources.jar:/Library/Java/JavaVirtualMachines/jdk1.8.0_31.jdk/Contents/Home/jre/lib/rt.jar:/Library/Java/JavaVirtualMachines/jdk1.8.0_31.jdk/Contents/Home/jre/lib/ext/cldrdata.jar:/Library/Java/JavaVirtualMachines/jdk1.8.0_31.jdk/Contents/Home/jre/lib/ext/dnsns.jar:/Library/Java/JavaVirtualMachines/jdk1.8.0_31.jdk/Contents/Home/jre/lib/ext/jfxrt.jar:/Library/Java/JavaVirtualMachines/jdk1.8.0_31.jdk/Contents/Home/jre/lib/ext/localedata.jar:/Library/Java/JavaVirtualMachines/jdk1.8.0_31.jdk/Contents/Home/jre/lib/ext/nashorn.jar:/Library/Java/JavaVirtualMachines/jdk1.8.0_31.jdk/Contents/Home/jre/lib/ext/sunec.jar:/Library/Java/JavaVirtualMachines/jdk1.8.0_31.jdk/C
Launcher Type: SUN_STANDARD

Environment Variables:
PATH=/usr/local/apache-ant/bin:/opt/local/bin:/opt/local/sbin:/usr/local/bin:/usr/bin:/bin:/usr/sbin:/sbin:/opt/X11/bin:/usr/local/git/bin:/usr/texbin
SHELL=/bin/bash
DISPLAY=/private/tmp/com.apple.launchd.x8vhE0Vfs4/org.macosforge.xquartz:0

Signal Handlers:
SIGSEGV: [libjvm.dylib+0x57a0e7], sa_mask[0]=11111111011111110111111111111111, sa_flags=SA_ONSTACK|SA_RESTART|SA_SIGINFO
SIGBUS: [libjvm.dylib+0x57a0e7], sa_mask[0]=11111111011111110111111111111111, sa_flags=SA_RESTART|SA_SIGINFO
SIGFPE: [libjvm.dylib+0x45af24], sa_mask[0]=11111111011111110111111111111111, sa_flags=SA_RESTART|SA_SIGINFO
SIGPIPE: [libjvm.dylib+0x45af24], sa_mask[0]=11111111011111110111111111111111, sa_flags=SA_RESTART|SA_SIGINFO
SIGXFSZ: [libjvm.dylib+0x45af24], sa_mask[0]=11111111011111110111111111111111, sa_flags=SA_RESTART|SA_SIGINFO
SIGILL: [libjvm.dylib+0x45af24], sa_mask[0]=11111111011111110111111111111111, sa_flags=SA_RESTART|SA_SIGINFO
SIGUSR1: SIG_DFL, sa_mask[0]=00000000000000000000000000000000, sa_flags=none
SIGUSR2: [libjvm.dylib+0x45aa42], sa_mask[0]=00100000000000000000000000000000, sa_flags=SA_RESTART|SA_SIGINFO
SIGHUP: [libjvm.dylib+0x459015], sa_mask[0]=11111111011111110111111111111111, sa_flags=SA_RESTART|SA_SIGINFO
SIGINT: [libjvm.dylib+0x459015], sa_mask[0]=11111111011111110111111111111111, sa_flags=SA_RESTART|SA_SIGINFO
SIGTERM: [libjvm.dylib+0x459015], sa_mask[0]=11111111011111110111111111111111, sa_flags=SA_RESTART|SA_SIGINFO
SIGQUIT: [libjvm.dylib+0x459015], sa_mask[0]=11111111011111110111111111111111, sa_flags=SA_RESTART|SA_SIGINFO


---------------  S Y S T E M  ---------------

OS:Bsduname:Darwin 14.1.0 Darwin Kernel Version 14.1.0: Thu Feb 26 19:26:47 PST 2015; root:xnu-2782.10.73~1/RELEASE_X86_64 x86_64
rlimit: STACK 8192k, CORE 0k, NPROC 709, NOFILE 10240, AS infinity
load average:1.86 2.32 2.66

CPU:total 4 (2 cores per cpu, 2 threads per core) family 6 model 69 stepping 1, cmov, cx8, fxsr, mmx, sse, sse2, sse3, ssse3, sse4.1, sse4.2, popcnt, avx, avx2, aes, clmul, erms, lzcnt, ht, tsc, tscinvbit, bmi1, bmi2

Memory: 4k page, physical 4194304k(89156k free)

/proc/meminfo:


vm_info: Java HotSpot(TM) 64-Bit Server VM (25.31-b07) for bsd-amd64 JRE (1.8.0_31-b13), built on Dec 17 2014 20:45:36 by "java_re" with gcc 4.2.1 (Based on Apple Inc. build 5658) (LLVM build 2336.11.00)

time: Wed Apr 15 17:32:28 2015
elapsed time: 4360 seconds (0d 1h 12m 40s)

